<?xml version="1.0" encoding="utf-8"?>
<TestRun id="12d59ace-9db3-4cae-8314-b19bf1d004b5" name="Francisca Prieto@DESKTOP-V5ONN4V 2026-03-25 17:02:19" runUser="DESKTOP-V5ONN4V\Francisca Prieto" xmlns="http://microsoft.com/schemas/VisualStudio/TeamTest/2010">
  <Times creation="2026-03-25T17:02:19.6442386-03:00" queuing="2026-03-25T17:02:19.6442392-03:00" start="2026-03-25T17:02:11.6472609-03:00" finish="2026-03-25T17:02:24.1904040-03:00" />
  <TestSettings name="default" id="454e07ae-9495-47a1-855a-5cbf620fc54d">
    <Deployment runDeploymentRoot="Francisca_Prieto_DESKTOP-V5ONN4V_2026-03-25_17_02_19" />
  </TestSettings>
  <Results>
    <UnitTestResult executionId="62db2089-b202-4538-bb65-7cc21ce51ff5" testId="d1e7c5a7-9ef5-0533-88c7-eba03218494f" testName="Octopath_Traveler.Tests.Tests.TestE1_RandomBasicCombat(teamsFolder: &quot;data\\E1-RandomBasicCombat&quot;, testFile: &quot;data\\E1-RandomBasicCombat-Tests\\033.txt&quot;)" computerName="DESKTOP-V5ONN4V" duration="00:00:00.0272074" startTime="2026-03-25T17:02:18.9676090-03:00" endTime="2026-03-25T17:02:18.9676098-03:00" testType="13cdc9d9-ddb5-4fa4-a97d-d965ccfc6d4b" outcome="Failed" testListId="8c84fa94-04c1-424b-9868-57a2d4851a1d" relativeResultsDirectory="62db2089-b202-4538-bb65-7cc21ce51ff5">
      <Output>
        <ErrorInfo>
          <Message>Assert.Equal() Failure: Strings differ&#xD;
                  ↓ (pos 7)&#xD;
Expected: "[L103] ----------------------------------"···&#xD;
Actual:   "[L103] Archivo de equipos no válido"&#xD;
                  ↑ (pos 7)</Message>
          <StackTrace>   at Octopath_Traveler.Tests.Tests.CompareScripts(IReadOnlyList`1 actualScript, IReadOnlyList`1 expectedScript) in C:\Users\Francisca Prieto\OneDrive\Documentos\Clara\diseno_detallado\proyecto\Octopath-Traveler\Octopath-Traveler.Tests\Tests.cs:line 59&#xD;
   at Octopath_Traveler.Tests.Tests.RunTest(String teamsFolder, String testFile) in C:\Users\Francisca Prieto\OneDrive\Documentos\Clara\diseno_detallado\proyecto\Octopath-Traveler\Octopath-Traveler.Tests\Tests.cs:line 49&#xD;
   at Octopath_Traveler.Tests.Tests.TestE1_RandomBasicCombat(String teamsFolder, String testFile) in C:\Users\Francisca Prieto\OneDrive\Documentos\Clara\diseno_detallado\proyecto\Octopath-Traveler\Octopath-Traveler.Tests\Tests.cs:line 20&#xD;
   at InvokeStub_Tests.TestE1_RandomBasicCombat(Object, Span`1)&#xD;
   at System.Reflection.MethodBaseInvoker.InvokeWithFewArgs(Object obj, BindingFlags invokeAttr, Binder binder, Object[] parameters, CultureInfo culture)</StackTrace>
        </ErrorInfo>
      </Output>
    </UnitTestResult>
    <UnitTestResult executionId="32a847c7-3409-4188-b447-2160a178fe33" testId="12821d4f-e38d-65bd-b10d-c3edb93587c5" testName="Octopath_Traveler.Tests.Tests.TestE1_RandomBasicCombat(teamsFolder: &quot;data\\E1-RandomBasicCombat&quot;, testFile: &quot;data\\E1-RandomBasicCombat-Tests\\076.txt&quot;)" computerName="DESKTOP-V5ONN4V" duration="00:00:00.0155241" startTime="2026-03-25T17:02:20.3557945-03:00" endTime="2026-03-25T17:02:20.3557949-03:00" testType="13cdc9d9-ddb5-4fa4-a97d-d965ccfc6d4b" outcome="Failed" testListId="8c84fa94-04c1-424b-9868-57a2d4851a1d" relativeResultsDirectory="32a847c7-3409-4188-b447-2160a178fe33">
      <Output>
        <ErrorInfo>
          <Message>Assert.Equal() Failure: Strings differ&#xD;
                  ↓ (pos 7)&#xD;
Expected: "[L103] ----------------------------------"···&#xD;
Actual:   "[L103] Archivo de equipos no válido"&#xD;
                  ↑ (pos 7)</Message>
          <StackTrace>   at Octopath_Traveler.Tests.Tests.CompareScripts(IReadOnlyList`1 actualScript, IReadOnlyList`1 expectedScript) in C:\Users\Francisca Prieto\OneDrive\Documentos\Clara\diseno_detallado\proyecto\Octopath-Traveler\Octopath-Traveler.Tests\Tests.cs:line 59&#xD;
   at Octopath_Traveler.Tests.Tests.RunTest(String teamsFolder, String testFile) in C:\Users\Francisca Prieto\OneDrive\Documentos\Clara\diseno_detallado\proyecto\Octopath-Traveler\Octopath-Traveler.Tests\Tests.cs:line 49&#xD;
   at Octopath_Traveler.Tests.Tests.TestE1_RandomBasicCombat(String teamsFolder, String testFile) in C:\Users\Francisca Prieto\OneDrive\Documentos\Clara\diseno_detallado\proyecto\Octopath-Traveler\Octopath-Traveler.Tests\Tests.cs:line 20&#xD;
   at InvokeStub_Tests.TestE1_RandomBasicCombat(Object, Span`1)&#xD;
   at System.Reflection.MethodBaseInvoker.InvokeWithFewArgs(Object obj, BindingFlags invokeAttr, Binder binder, Object[] parameters, CultureInfo culture)</StackTrace>
        </ErrorInfo>
      </Output>
    </UnitTestResult>
    <UnitTestResult executionId="12cfd342-cc7b-48b6-a5bc-0da7cac20fb9" testId="af5b2b0b-7cd6-37c2-8a81-c87ffca2520e" testName="Octopath_Traveler.Tests.Tests.TestE1_RandomBasicCombat(teamsFolder: &quot;data\\E1-RandomBasicCombat&quot;, testFile: &quot;data\\E1-RandomBasicCombat-Tests\\074.txt&quot;)" computerName="DESKTOP-V5ONN4V" duration="00:00:00.0190828" startTime="2026-03-25T17:02:20.5443458-03:00" endTime="2026-03-25T17:02:20.5443463-03:00" testType="13cdc9d9-ddb5-4fa4-a97d-d965ccfc6d4b" outcome="Failed" testListId="8c84fa94-04c1-424b-9868-57a2d4851a1d" relativeResultsDirectory="12cfd342-cc7b-48b6-a5bc-0da7cac20fb9">
      <Output>
        <ErrorInfo>
          <Message>Assert.Equal() Failure: Strings differ&#xD;
                  ↓ (pos 7)&#xD;
Expected: "[L103] ----------------------------------"···&#xD;
Actual:   "[L103] Archivo de equipos no válido"&#xD;
                  ↑ (pos 7)</Message>
          <StackTrace>   at Octopath_Traveler.Tests.Tests.CompareScripts(IReadOnlyList`1 actualScript, IReadOnlyList`1 expectedScript) in C:\Users\Francisca Prieto\OneDrive\Documentos\Clara\diseno_detallado\proyecto\Octopath-Traveler\Octopath-Traveler.Tests\Tests.cs:line 59&#xD;
   at Octopath_Traveler.Tests.Tests.RunTest(String teamsFolder, String testFile) in C:\Users\Francisca Prieto\OneDrive\Documentos\Clara\diseno_detallado\proyecto\Octopath-Traveler\Octopath-Traveler.Tests\Tests.cs:line 49&#xD;
   at Octopath_Traveler.Tests.Tests.TestE1_RandomBasicCombat(String teamsFolder, String testFile) in C:\Users\Francisca Prieto\OneDrive\Documentos\Clara\diseno_detallado\proyecto\Octopath-Traveler\Octopath-Traveler.Tests\Tests.cs:line 20&#xD;
   at InvokeStub_Tests.TestE1_RandomBasicCombat(Object, Span`1)&#xD;
   at System.Reflection.MethodBaseInvoker.InvokeWithFewArgs(Object obj, BindingFlags invokeAttr, Binder binder, Object[] parameters, CultureInfo culture)</StackTrace>
        </ErrorInfo>
      </Output>
    </UnitTestResult>
    <UnitTestResult executionId="bb86bbfd-7ba7-4adf-8b09-ceadb1c3102f" testId="dcfd7739-0b73-3f93-8d87-b09309efe5fd" testName="Octopath_Traveler.Tests.Tests.TestE1_RandomBasicCombat(teamsFolder: &quot;data\\E1-RandomBasicCombat&quot;, testFile: &quot;data\\E1-RandomBasicCombat-Tests\\042.txt&quot;)" computerName="DESKTOP-V5ONN4V" duration="00:00:00.0150553" startTime="2026-03-25T17:02:20.6415614-03:00" endTime="2026-03-25T17:02:20.6415618-03:00" testType="13cdc9d9-ddb5-4fa4-a97d-d965ccfc6d4b" outcome="Failed" testListId="8c84fa94-04c1-424b-9868-57a2d4851a1d" relativeResultsDirectory="bb86bbfd-7ba7-4adf-8b09-ceadb1c3102f">
      <Output>
        <ErrorInfo>
          <Message>Assert.Equal() Failure: Strings differ&#xD;
                  ↓ (pos 7)&#xD;
Expected: "[L103] ----------------------------------"···&#xD;
Actual:   "[L103] Archivo de equipos no válido"&#xD;
                  ↑ (pos 7)</Message>
          <StackTrace>   at Octopath_Traveler.Tests.Tests.CompareScripts(IReadOnlyList`1 actualScript, IReadOnlyList`1 expectedScript) in C:\Users\Francisca Prieto\OneDrive\Documentos\Clara\diseno_detallado\proyecto\Octopath-Traveler\Octopath-Traveler.Tests\Tests.cs:line 59&#xD;
   at Octopath_Traveler.Tests.Tests.RunTest(String teamsFolder, String testFile) in C:\Users\Francisca Prieto\OneDrive\Documentos\Clara\diseno_detallado\proyecto\Octopath-Traveler\Octopath-Traveler.Tests\Tests.cs:line 49&#xD;
   at Octopath_Traveler.Tests.Tests.TestE1_RandomBasicCombat(String teamsFolder, String testFile) in C:\Users\Francisca Prieto\OneDrive\Documentos\Clara\diseno_detallado\proyecto\Octopath-Traveler\Octopath-Traveler.Tests\Tests.cs:line 20&#xD;
   at InvokeStub_Tests.TestE1_RandomBasicCombat(Object, Span`1)&#xD;
   at System.Reflection.MethodBaseInvoker.InvokeWithFewArgs(Object obj, BindingFlags invokeAttr, Binder binder, Object[] parameters, CultureInfo culture)</StackTrace>
        </ErrorInfo>
      </Output>
    </UnitTestResult>
    <UnitTestResult executionId="34776bb8-2d61-402d-b393-1c193a023ad0" testId="c1f046c4-e5d6-02f0-1b25-99d3e6729e53" testName="Octopath_Traveler.Tests.Tests.TestE1_RandomBasicCombat(teamsFolder: &quot;data\\E1-RandomBasicCombat&quot;, testFile: &quot;data\\E1-RandomBasicCombat-Tests\\065.txt&quot;)" computerName="DESKTOP-V5ONN4V" duration="00:00:00.0104682" startTime="2026-03-25T17:02:19.6860818-03:00" endTime="2026-03-25T17:02:19.6860836-03:00" testType="13cdc9d9-ddb5-4fa4-a97d-d965ccfc6d4b" outcome="Failed" testListId="8c84fa94-04c1-424b-9868-57a2d4851a1d" relativeResultsDirectory="34776bb8-2d61-402d-b393-1c193a023ad0">
      <Output>
        <ErrorInfo>
          <Message>Assert.Equal() Failure: Strings differ&#xD;
                  ↓ (pos 7)&#xD;
Expected: "[L103] ----------------------------------"···&#xD;
Actual:   "[L103] Archivo de equipos no válido"&#xD;
                  ↑ (pos 7)</Message>
          <StackTrace>   at Octopath_Traveler.Tests.Tests.CompareScripts(IReadOnlyList`1 actualScript, IReadOnlyList`1 expectedScript) in C:\Users\Francisca Prieto\OneDrive\Documentos\Clara\diseno_detallado\proyecto\Octopath-Traveler\Octopath-Traveler.Tests\Tests.cs:line 59&#xD;
   at Octopath_Traveler.Tests.Tests.RunTest(String teamsFolder, String testFile) in C:\Users\Francisca Prieto\OneDrive\Documentos\Clara\diseno_detallado\proyecto\Octopath-Traveler\Octopath-Traveler.Tests\Tests.cs:line 49&#xD;
   at Octopath_Traveler.Tests.Tests.TestE1_RandomBasicCombat(String teamsFolder, String testFile) in C:\Users\Francisca Prieto\OneDrive\Documentos\Clara\diseno_detallado\proyecto\Octopath-Traveler\Octopath-Traveler.Tests\Tests.cs:line 20&#xD;
   at InvokeStub_Tests.TestE1_RandomBasicCombat(Object, Span`1)&#xD;
   at System.Reflection.MethodBaseInvoker.InvokeWithFewArgs(Object obj, BindingFlags invokeAttr, Binder binder, Object[] parameters, CultureInfo culture)</StackTrace>
        </ErrorInfo>
      </Output>
    </UnitTestResult>
    <UnitTestResult executionId="db8bba9f-b327-4b5c-a0a0-1d80855d7344" testId="14009b48-61ea-0d16-40f8-6d24ced321f6" testName="Octopath_Traveler.Tests.Tests.TestE1_RandomBasicCombat(teamsFolder: &quot;data\\E1-RandomBasicCombat&quot;, testFile: &quot;data\\E1-RandomBasicCombat-Tests\\097.txt&quot;)" computerName="DESKTOP-V5ONN4V" duration="00:00:00.0153720" startTime="2026-03-25T17:02:19.5292242-03:00" endTime="2026-03-25T17:02:19.5292247-03:00" testType="13cdc9d9-ddb5-4fa4-a97d-d965ccfc6d4b" outcome="Failed" testListId="8c84fa94-04c1-424b-9868-57a2d4851a1d" relativeResultsDirectory="db8bba9f-b327-4b5c-a0a0-1d80855d7344">
      <Output>
        <ErrorInfo>
          <Message>Assert.Equal() Failure: Strings differ&#xD;
                  ↓ (pos 7)&#xD;
Expected: "[L103] ----------------------------------"···&#xD;
Actual:   "[L103] Archivo de equipos no válido"&#xD;
                  ↑ (pos 7)</Message>
          <StackTrace>   at Octopath_Traveler.Tests.Tests.CompareScripts(IReadOnlyList`1 actualScript, IReadOnlyList`1 expectedScript) in C:\Users\Francisca Prieto\OneDrive\Documentos\Clara\diseno_detallado\proyecto\Octopath-Traveler\Octopath-Traveler.Tests\Tests.cs:line 59&#xD;
   at Octopath_Traveler.Tests.Tests.RunTest(String teamsFolder, String testFile) in C:\Users\Francisca Prieto\OneDrive\Documentos\Clara\diseno_detallado\proyecto\Octopath-Traveler\Octopath-Traveler.Tests\Tests.cs:line 49&#xD;
   at Octopath_Traveler.Tests.Tests.TestE1_RandomBasicCombat(String teamsFolder, String testFile) in C:\Users\Francisca Prieto\OneDrive\Documentos\Clara\diseno_detallado\proyecto\Octopath-Traveler\Octopath-Traveler.Tests\Tests.cs:line 20&#xD;
   at InvokeStub_Tests.TestE1_RandomBasicCombat(Object, Span`1)&#xD;
   at System.Reflection.MethodBaseInvoker.InvokeWithFewArgs(Object obj, BindingFlags invokeAttr, Binder binder, Object[] parameters, CultureInfo culture)</StackTrace>
        </ErrorInfo>
      </Output>
    </UnitTestResult>
    <UnitTestResult executionId="60eab273-2d5b-42d4-9165-4e2cd1296af9" testId="82f0b3b1-177e-b1d1-95b9-3ba0553e7408" testName="Octopath_Traveler.Tests.Tests.TestE1_InvalidTeams(teamsFolder: &quot;data\\E1-InvalidTeams&quot;, testFile: &quot;data\\E1-InvalidTeams-Tests\\001.txt&quot;)" computerName="DESKTOP-V5ONN4V" duration="00:00:00.0090571" startTime="2026-03-25T17:02:21.1736663-03:00" endTime="2026-03-25T17:02:21.1736669-03:00" testType="13cdc9d9-ddb5-4fa4-a97d-d965ccfc6d4b" outcome="Passed" testListId="8c84fa94-04c1-424b-9868-57a2d4851a1d" relativeResultsDirectory="60eab273-2d5b-42d4-9165-4e2cd1296af9" />
    <UnitTestResult executionId="3d7b0414-6780-4204-8b0c-42668f64d173" testId="23f9ba0c-5d67-6f3c-5dd7-076237e6ca66" testName="Octopath_Traveler.Tests.Tests.TestE1_RandomBasicCombat(teamsFolder: &quot;data\\E1-RandomBasicCombat&quot;, testFile: &quot;data\\E1-RandomBasicCombat-Tests\\054.txt&quot;)" computerName="DESKTOP-V5ONN4V" duration="00:00:00.0402596" startTime="2026-03-25T17:02:19.5880102-03:00" endTime="2026-03-25T17:02:19.5880109-03:00" testType="13cdc9d9-ddb5-4fa4-a97d-d965ccfc6d4b" outcome="Failed" testListId="8c84fa94-04c1-424b-9868-57a2d4851a1d" relativeResultsDirectory="3d7b0414-6780-4204-8b0c-42668f64d173">
      <Output>
        <ErrorInfo>
          <Message>Assert.Equal() Failure: Strings differ&#xD;
                  ↓ (pos 7)&#xD;
Expected: "[L103] ----------------------------------"···&#xD;
Actual:   "[L103] Archivo de equipos no válido"&#xD;
                  ↑ (pos 7)</Message>
          <StackTrace>   at Octopath_Traveler.Tests.Tests.CompareScripts(IReadOnlyList`1 actualScript, IReadOnlyList`1 expectedScript) in C:\Users\Francisca Prieto\OneDrive\Documentos\Clara\diseno_detallado\proyecto\Octopath-Traveler\Octopath-Traveler.Tests\Tests.cs:line 59&#xD;
   at Octopath_Traveler.Tests.Tests.RunTest(String teamsFolder, String testFile) in C:\Users\Francisca Prieto\OneDrive\Documentos\Clara\diseno_detallado\proyecto\Octopath-Traveler\Octopath-Traveler.Tests\Tests.cs:line 49&#xD;
   at Octopath_Traveler.Tests.Tests.TestE1_RandomBasicCombat(String teamsFolder, String testFile) in C:\Users\Francisca Prieto\OneDrive\Documentos\Clara\diseno_detallado\proyecto\Octopath-Traveler\Octopath-Traveler.Tests\Tests.cs:line 20&#xD;
   at InvokeStub_Tests.TestE1_RandomBasicCombat(Object, Span`1)&#xD;
   at System.Reflection.MethodBaseInvoker.InvokeWithFewArgs(Object obj, BindingFlags invokeAttr, Binder binder, Object[] parameters, CultureInfo culture)</StackTrace>
        </ErrorInfo>
      </Output>
    </UnitTestResult>
    <UnitTestResult executionId="7c3ec954-0d16-4b33-84cb-c3305371de8a" testId="822e57d0-12ce-e97c-aad0-548bb5b7cfca" testName="Octopath_Traveler.Tests.Tests.TestE1_RandomBasicCombat(teamsFolder: &quot;data\\E1-RandomBasicCombat&quot;, testFile: &quot;data\\E1-RandomBasicCombat-Tests\\067.txt&quot;)" computerName="DESKTOP-V5ONN4V" duration="00:00:00.0169220" startTime="2026-03-25T17:02:20.3820167-03:00" endTime="2026-03-25T17:02:20.3820171-03:00" testType="13cdc9d9-ddb5-4fa4-a97d-d965ccfc6d4b" outcome="Failed" testListId="8c84fa94-04c1-424b-9868-57a2d4851a1d" relativeResultsDirectory="7c3ec954-0d16-4b33-84cb-c3305371de8a">
      <Output>
        <ErrorInfo>
          <Message>Assert.Equal() Failure: Strings differ&#xD;
                  ↓ (pos 7)&#xD;
Expected: "[L103] ----------------------------------"···&#xD;
Actual:   "[L103] Archivo de equipos no válido"&#xD;
                  ↑ (pos 7)</Message>
          <StackTrace>   at Octopath_Traveler.Tests.Tests.CompareScripts(IReadOnlyList`1 actualScript, IReadOnlyList`1 expectedScript) in C:\Users\Francisca Prieto\OneDrive\Documentos\Clara\diseno_detallado\proyecto\Octopath-Traveler\Octopath-Traveler.Tests\Tests.cs:line 59&#xD;
   at Octopath_Traveler.Tests.Tests.RunTest(String teamsFolder, String testFile) in C:\Users\Francisca Prieto\OneDrive\Documentos\Clara\diseno_detallado\proyecto\Octopath-Traveler\Octopath-Traveler.Tests\Tests.cs:line 49&#xD;
   at Octopath_Traveler.Tests.Tests.TestE1_RandomBasicCombat(String teamsFolder, String testFile) in C:\Users\Francisca Prieto\OneDrive\Documentos\Clara\diseno_detallado\proyecto\Octopath-Traveler\Octopath-Traveler.Tests\Tests.cs:line 20&#xD;
   at InvokeStub_Tests.TestE1_RandomBasicCombat(Object, Span`1)&#xD;
   at System.Reflection.MethodBaseInvoker.InvokeWithFewArgs(Object obj, BindingFlags invokeAttr, Binder binder, Object[] parameters, CultureInfo culture)</StackTrace>
        </ErrorInfo>
      </Output>
    </UnitTestResult>
    <UnitTestResult executionId="ed7fb115-4901-4d63-98a2-40afb512209d" testId="a2265f4a-affb-eee9-c4ff-d02d3db682b5" testName="Octopath_Traveler.Tests.Tests.TestE1_RandomBasicCombat(teamsFolder: &quot;data\\E1-RandomBasicCombat&quot;, testFile: &quot;data\\E1-RandomBasicCombat-Tests\\095.txt&quot;)" computerName="DESKTOP-V5ONN4V" duration="00:00:00.0650685" startTime="2026-03-25T17:02:20.9760861-03:00" endTime="2026-03-25T17:02:20.9760866-03:00" testType="13cdc9d9-ddb5-4fa4-a97d-d965ccfc6d4b" outcome="Failed" testListId="8c84fa94-04c1-424b-9868-57a2d4851a1d" relativeResultsDirectory="ed7fb115-4901-4d63-98a2-40afb512209d">
      <Output>
        <ErrorInfo>
          <Message>Assert.Equal() Failure: Strings differ&#xD;
                  ↓ (pos 7)&#xD;
Expected: "[L103] ----------------------------------"···&#xD;
Actual:   "[L103] Archivo de equipos no válido"&#xD;
                  ↑ (pos 7)</Message>
          <StackTrace>   at Octopath_Traveler.Tests.Tests.CompareScripts(IReadOnlyList`1 actualScript, IReadOnlyList`1 expectedScript) in C:\Users\Francisca Prieto\OneDrive\Documentos\Clara\diseno_detallado\proyecto\Octopath-Traveler\Octopath-Traveler.Tests\Tests.cs:line 59&#xD;
   at Octopath_Traveler.Tests.Tests.RunTest(String teamsFolder, String testFile) in C:\Users\Francisca Prieto\OneDrive\Documentos\Clara\diseno_detallado\proyecto\Octopath-Traveler\Octopath-Traveler.Tests\Tests.cs:line 49&#xD;
   at Octopath_Traveler.Tests.Tests.TestE1_RandomBasicCombat(String teamsFolder, String testFile) in C:\Users\Francisca Prieto\OneDrive\Documentos\Clara\diseno_detallado\proyecto\Octopath-Traveler\Octopath-Traveler.Tests\Tests.cs:line 20&#xD;
   at InvokeStub_Tests.TestE1_RandomBasicCombat(Object, Span`1)&#xD;
   at System.Reflection.MethodBaseInvoker.InvokeWithFewArgs(Object obj, BindingFlags invokeAttr, Binder binder, Object[] parameters, CultureInfo culture)</StackTrace>
        </ErrorInfo>
      </Output>
    </UnitTestResult>
    <UnitTestResult executionId="5900cc97-f009-4342-899e-c0c3c5e27dae" testId="dff6fa18-5e93-676c-354c-e4b5ee7800c3" testName="Octopath_Traveler.Tests.Tests.TestE1_RandomBasicCombat(teamsFolder: &quot;data\\E1-RandomBasicCombat&quot;, testFile: &quot;data\\E1-RandomBasicCombat-Tests\\059.txt&quot;)" computerName="DESKTOP-V5ONN4V" duration="00:00:00.0093965" startTime="2026-03-25T17:02:19.6938723-03:00" endTime="2026-03-25T17:02:19.6938730-03:00" testType="13cdc9d9-ddb5-4fa4-a97d-d965ccfc6d4b" outcome="Failed" testListId="8c84fa94-04c1-424b-9868-57a2d4851a1d" relativeResultsDirectory="5900cc97-f009-4342-899e-c0c3c5e27dae">
      <Output>
        <ErrorInfo>
          <Message>Assert.Equal() Failure: Strings differ&#xD;
                  ↓ (pos 7)&#xD;
Expected: "[L103] ----------------------------------"···&#xD;
Actual:   "[L103] Archivo de equipos no válido"&#xD;
                  ↑ (pos 7)</Message>
          <StackTrace>   at Octopath_Traveler.Tests.Tests.CompareScripts(IReadOnlyList`1 actualScript, IReadOnlyList`1 expectedScript) in C:\Users\Francisca Prieto\OneDrive\Documentos\Clara\diseno_detallado\proyecto\Octopath-Traveler\Octopath-Traveler.Tests\Tests.cs:line 59&#xD;
   at Octopath_Traveler.Tests.Tests.RunTest(String teamsFolder, String testFile) in C:\Users\Francisca Prieto\OneDrive\Documentos\Clara\diseno_detallado\proyecto\Octopath-Traveler\Octopath-Traveler.Tests\Tests.cs:line 49&#xD;
   at Octopath_Traveler.Tests.Tests.TestE1_RandomBasicCombat(String teamsFolder, String testFile) in C:\Users\Francisca Prieto\OneDrive\Documentos\Clara\diseno_detallado\proyecto\Octopath-Traveler\Octopath-Traveler.Tests\Tests.cs:line 20&#xD;
   at InvokeStub_Tests.TestE1_RandomBasicCombat(Object, Span`1)&#xD;
   at System.Reflection.MethodBaseInvoker.InvokeWithFewArgs(Object obj, BindingFlags invokeAttr, Binder binder, Object[] parameters, CultureInfo culture)</StackTrace>
        </ErrorInfo>
      </Output>
    </UnitTestResult>
    <UnitTestResult executionId="772e366c-1337-4a6a-888c-06c44c722a59" testId="dc71abe4-0626-4e22-f856-bdb94976a3b7" testName="Octopath_Traveler.Tests.Tests.TestE1_RandomBasicCombat(teamsFolder: &quot;data\\E1-RandomBasicCombat&quot;, testFile: &quot;data\\E1-RandomBasicCombat-Tests\\052.txt&quot;)" computerName="DESKTOP-V5ONN4V" duration="00:00:00.0245506" startTime="2026-03-25T17:02:19.5127682-03:00" endTime="2026-03-25T17:02:19.5127687-03:00" testType="13cdc9d9-ddb5-4fa4-a97d-d965ccfc6d4b" outcome="Failed" testListId="8c84fa94-04c1-424b-9868-57a2d4851a1d" relativeResultsDirectory="772e366c-1337-4a6a-888c-06c44c722a59">
      <Output>
        <ErrorInfo>
          <Message>Assert.Equal() Failure: Strings differ&#xD;
                  ↓ (pos 7)&#xD;
Expected: "[L103] ----------------------------------"···&#xD;
Actual:   "[L103] Archivo de equipos no válido"&#xD;
                  ↑ (pos 7)</Message>
          <StackTrace>   at Octopath_Traveler.Tests.Tests.CompareScripts(IReadOnlyList`1 actualScript, IReadOnlyList`1 expectedScript) in C:\Users\Francisca Prieto\OneDrive\Documentos\Clara\diseno_detallado\proyecto\Octopath-Traveler\Octopath-Traveler.Tests\Tests.cs:line 59&#xD;
   at Octopath_Traveler.Tests.Tests.RunTest(String teamsFolder, String testFile) in C:\Users\Francisca Prieto\OneDrive\Documentos\Clara\diseno_detallado\proyecto\Octopath-Traveler\Octopath-Traveler.Tests\Tests.cs:line 49&#xD;
   at Octopath_Traveler.Tests.Tests.TestE1_RandomBasicCombat(String teamsFolder, String testFile) in C:\Users\Francisca Prieto\OneDrive\Documentos\Clara\diseno_detallado\proyecto\Octopath-Traveler\Octopath-Traveler.Tests\Tests.cs:line 20&#xD;
   at InvokeStub_Tests.TestE1_RandomBasicCombat(Object, Span`1)&#xD;
   at System.Reflection.MethodBaseInvoker.InvokeWithFewArgs(Object obj, BindingFlags invokeAttr, Binder binder, Object[] parameters, CultureInfo culture)</StackTrace>
        </ErrorInfo>
      </Output>
    </UnitTestResult>
    <UnitTestResult executionId="6c88983f-2119-49f6-be8b-9cde7fdda4ae" testId="13cc209d-5b0f-74d2-9d29-8ce4910b8211" testName="Octopath_Traveler.Tests.Tests.TestE1_RandomBasicCombat(teamsFolder: &quot;data\\E1-RandomBasicCombat&quot;, testFile: &quot;data\\E1-RandomBasicCombat-Tests\\099.txt&quot;)" computerName="DESKTOP-V5ONN4V" duration="00:00:00.0153471" startTime="2026-03-25T17:02:20.3978549-03:00" endTime="2026-03-25T17:02:20.3978552-03:00" testType="13cdc9d9-ddb5-4fa4-a97d-d965ccfc6d4b" outcome="Failed" testListId="8c84fa94-04c1-424b-9868-57a2d4851a1d" relativeResultsDirectory="6c88983f-2119-49f6-be8b-9cde7fdda4ae">
      <Output>
        <ErrorInfo>
          <Message>Assert.Equal() Failure: Strings differ&#xD;
                  ↓ (pos 7)&#xD;
Expected: "[L103] ----------------------------------"···&#xD;
Actual:   "[L103] Archivo de equipos no válido"&#xD;
                  ↑ (pos 7)</Message>
          <StackTrace>   at Octopath_Traveler.Tests.Tests.CompareScripts(IReadOnlyList`1 actualScript, IReadOnlyList`1 expectedScript) in C:\Users\Francisca Prieto\OneDrive\Documentos\Clara\diseno_detallado\proyecto\Octopath-Traveler\Octopath-Traveler.Tests\Tests.cs:line 59&#xD;
   at Octopath_Traveler.Tests.Tests.RunTest(String teamsFolder, String testFile) in C:\Users\Francisca Prieto\OneDrive\Documentos\Clara\diseno_detallado\proyecto\Octopath-Traveler\Octopath-Traveler.Tests\Tests.cs:line 49&#xD;
   at Octopath_Traveler.Tests.Tests.TestE1_RandomBasicCombat(String teamsFolder, String testFile) in C:\Users\Francisca Prieto\OneDrive\Documentos\Clara\diseno_detallado\proyecto\Octopath-Traveler\Octopath-Traveler.Tests\Tests.cs:line 20&#xD;
   at InvokeStub_Tests.TestE1_RandomBasicCombat(Object, Span`1)&#xD;
   at System.Reflection.MethodBaseInvoker.InvokeWithFewArgs(Object obj, BindingFlags invokeAttr, Binder binder, Object[] parameters, CultureInfo culture)</StackTrace>
        </ErrorInfo>
      </Output>
    </UnitTestResult>
    <UnitTestResult executionId="3e7ee94b-8428-455b-828a-5a5dcebaedf0" testId="deac4d62-52d4-d966-849f-74858fe9c33f" testName="Octopath_Traveler.Tests.Tests.TestE1_RandomBasicCombat(teamsFolder: &quot;data\\E1-RandomBasicCombat&quot;, testFile: &quot;data\\E1-RandomBasicCombat-Tests\\094.txt&quot;)" computerName="DESKTOP-V5ONN4V" duration="00:00:00.0133437" startTime="2026-03-25T17:02:19.6221845-03:00" endTime="2026-03-25T17:02:19.6221850-03:00" testType="13cdc9d9-ddb5-4fa4-a97d-d965ccfc6d4b" outcome="Failed" testListId="8c84fa94-04c1-424b-9868-57a2d4851a1d" relativeResultsDirectory="3e7ee94b-8428-455b-828a-5a5dcebaedf0">
      <Output>
        <ErrorInfo>
          <Message>Assert.Equal() Failure: Strings differ&#xD;
                  ↓ (pos 7)&#xD;
Expected: "[L103] ----------------------------------"···&#xD;
Actual:   "[L103] Archivo de equipos no válido"&#xD;
                  ↑ (pos 7)</Message>
          <StackTrace>   at Octopath_Traveler.Tests.Tests.CompareScripts(IReadOnlyList`1 actualScript, IReadOnlyList`1 expectedScript) in C:\Users\Francisca Prieto\OneDrive\Documentos\Clara\diseno_detallado\proyecto\Octopath-Traveler\Octopath-Traveler.Tests\Tests.cs:line 59&#xD;
   at Octopath_Traveler.Tests.Tests.RunTest(String teamsFolder, String testFile) in C:\Users\Francisca Prieto\OneDrive\Documentos\Clara\diseno_detallado\proyecto\Octopath-Traveler\Octopath-Traveler.Tests\Tests.cs:line 49&#xD;
   at Octopath_Traveler.Tests.Tests.TestE1_RandomBasicCombat(String teamsFolder, String testFile) in C:\Users\Francisca Prieto\OneDrive\Documentos\Clara\diseno_detallado\proyecto\Octopath-Traveler\Octopath-Traveler.Tests\Tests.cs:line 20&#xD;
   at InvokeStub_Tests.TestE1_RandomBasicCombat(Object, Span`1)&#xD;
   at System.Reflection.MethodBaseInvoker.InvokeWithFewArgs(Object obj, BindingFlags invokeAttr, Binder binder, Object[] parameters, CultureInfo culture)</StackTrace>
        </ErrorInfo>
      </Output>
    </UnitTestResult>
    <UnitTestResult executionId="e062db8a-ffab-4f12-8029-7090ab82f2e1" testId="224c7dc7-56f1-ad9b-5b87-35c338ad8894" testName="Octopath_Traveler.Tests.Tests.TestE1_RandomBasicCombat(teamsFolder: &quot;data\\E1-RandomBasicCombat&quot;, testFile: &quot;data\\E1-RandomBasicCombat-Tests\\003.txt&quot;)" computerName="DESKTOP-V5ONN4V" duration="00:00:00.0177256" startTime="2026-03-25T17:02:19.4444790-03:00" endTime="2026-03-25T17:02:19.4444796-03:00" testType="13cdc9d9-ddb5-4fa4-a97d-d965ccfc6d4b" outcome="Failed" testListId="8c84fa94-04c1-424b-9868-57a2d4851a1d" relativeResultsDirectory="e062db8a-ffab-4f12-8029-7090ab82f2e1">
      <Output>
        <ErrorInfo>
          <Message>Assert.Equal() Failure: Strings differ&#xD;
                  ↓ (pos 7)&#xD;
Expected: "[L103] ----------------------------------"···&#xD;
Actual:   "[L103] Archivo de equipos no válido"&#xD;
                  ↑ (pos 7)</Message>
          <StackTrace>   at Octopath_Traveler.Tests.Tests.CompareScripts(IReadOnlyList`1 actualScript, IReadOnlyList`1 expectedScript) in C:\Users\Francisca Prieto\OneDrive\Documentos\Clara\diseno_detallado\proyecto\Octopath-Traveler\Octopath-Traveler.Tests\Tests.cs:line 59&#xD;
   at Octopath_Traveler.Tests.Tests.RunTest(String teamsFolder, String testFile) in C:\Users\Francisca Prieto\OneDrive\Documentos\Clara\diseno_detallado\proyecto\Octopath-Traveler\Octopath-Traveler.Tests\Tests.cs:line 49&#xD;
   at Octopath_Traveler.Tests.Tests.TestE1_RandomBasicCombat(String teamsFolder, String testFile) in C:\Users\Francisca Prieto\OneDrive\Documentos\Clara\diseno_detallado\proyecto\Octopath-Traveler\Octopath-Traveler.Tests\Tests.cs:line 20&#xD;
   at InvokeStub_Tests.TestE1_RandomBasicCombat(Object, Span`1)&#xD;
   at System.Reflection.MethodBaseInvoker.InvokeWithFewArgs(Object obj, BindingFlags invokeAttr, Binder binder, Object[] parameters, CultureInfo culture)</StackTrace>
        </ErrorInfo>
      </Output>
    </UnitTestResult>
    <UnitTestResult executionId="c4e53a9a-5886-4ef7-ab05-63c67bedd733" testId="f0ecd55e-c543-9c14-8489-9f0df460442b" testName="Octopath_Traveler.Tests.Tests.TestE1_RandomBasicCombat(teamsFolder: &quot;data\\E1-RandomBasicCombat&quot;, testFile: &quot;data\\E1-RandomBasicCombat-Tests\\026.txt&quot;)" computerName="DESKTOP-V5ONN4V" duration="00:00:00.0120305" startTime="2026-03-25T17:02:20.2440392-03:00" endTime="2026-03-25T17:02:20.2440397-03:00" testType="13cdc9d9-ddb5-4fa4-a97d-d965ccfc6d4b" outcome="Failed" testListId="8c84fa94-04c1-424b-9868-57a2d4851a1d" relativeResultsDirectory="c4e53a9a-5886-4ef7-ab05-63c67bedd733">
      <Output>
        <ErrorInfo>
          <Message>Assert.Equal() Failure: Strings differ&#xD;
                  ↓ (pos 7)&#xD;
Expected: "[L103] ----------------------------------"···&#xD;
Actual:   "[L103] Archivo de equipos no válido"&#xD;
                  ↑ (pos 7)</Message>
          <StackTrace>   at Octopath_Traveler.Tests.Tests.CompareScripts(IReadOnlyList`1 actualScript, IReadOnlyList`1 expectedScript) in C:\Users\Francisca Prieto\OneDrive\Documentos\Clara\diseno_detallado\proyecto\Octopath-Traveler\Octopath-Traveler.Tests\Tests.cs:line 59&#xD;
   at Octopath_Traveler.Tests.Tests.RunTest(String teamsFolder, String testFile) in C:\Users\Francisca Prieto\OneDrive\Documentos\Clara\diseno_detallado\proyecto\Octopath-Traveler\Octopath-Traveler.Tests\Tests.cs:line 49&#xD;
   at Octopath_Traveler.Tests.Tests.TestE1_RandomBasicCombat(String teamsFolder, String testFile) in C:\Users\Francisca Prieto\OneDrive\Documentos\Clara\diseno_detallado\proyecto\Octopath-Traveler\Octopath-Traveler.Tests\Tests.cs:line 20&#xD;
   at InvokeStub_Tests.TestE1_RandomBasicCombat(Object, Span`1)&#xD;
   at System.Reflection.MethodBaseInvoker.InvokeWithFewArgs(Object obj, BindingFlags invokeAttr, Binder binder, Object[] parameters, CultureInfo culture)</StackTrace>
        </ErrorInfo>
      </Output>
    </UnitTestResult>
    <UnitTestResult executionId="24ae5c21-0b7b-48fe-90f6-dd341da5204a" testId="b98782ba-18b8-1adf-3091-311f2e5ba192" testName="Octopath_Traveler.Tests.Tests.TestE1_RandomBasicCombat(teamsFolder: &quot;data\\E1-RandomBasicCombat&quot;, testFile: &quot;data\\E1-RandomBasicCombat-Tests\\047.txt&quot;)" computerName="DESKTOP-V5ONN4V" duration="00:00:00.0120912" startTime="2026-03-25T17:02:19.7074090-03:00" endTime="2026-03-25T17:02:19.7074096-03:00" testType="13cdc9d9-ddb5-4fa4-a97d-d965ccfc6d4b" outcome="Failed" testListId="8c84fa94-04c1-424b-9868-57a2d4851a1d" relativeResultsDirectory="24ae5c21-0b7b-48fe-90f6-dd341da5204a">
      <Output>
        <ErrorInfo>
          <Message>Assert.Equal() Failure: Strings differ&#xD;
                  ↓ (pos 7)&#xD;
Expected: "[L103] ----------------------------------"···&#xD;
Actual:   "[L103] Archivo de equipos no válido"&#xD;
                  ↑ (pos 7)</Message>
          <StackTrace>   at Octopath_Traveler.Tests.Tests.CompareScripts(IReadOnlyList`1 actualScript, IReadOnlyList`1 expectedScript) in C:\Users\Francisca Prieto\OneDrive\Documentos\Clara\diseno_detallado\proyecto\Octopath-Traveler\Octopath-Traveler.Tests\Tests.cs:line 59&#xD;
   at Octopath_Traveler.Tests.Tests.RunTest(String teamsFolder, String testFile) in C:\Users\Francisca Prieto\OneDrive\Documentos\Clara\diseno_detallado\proyecto\Octopath-Traveler\Octopath-Traveler.Tests\Tests.cs:line 49&#xD;
   at Octopath_Traveler.Tests.Tests.TestE1_RandomBasicCombat(String teamsFolder, String testFile) in C:\Users\Francisca Prieto\OneDrive\Documentos\Clara\diseno_detallado\proyecto\Octopath-Traveler\Octopath-Traveler.Tests\Tests.cs:line 20&#xD;
   at InvokeStub_Tests.TestE1_RandomBasicCombat(Object, Span`1)&#xD;
   at System.Reflection.MethodBaseInvoker.InvokeWithFewArgs(Object obj, BindingFlags invokeAttr, Binder binder, Object[] parameters, CultureInfo culture)</StackTrace>
        </ErrorInfo>
      </Output>
    </UnitTestResult>
    <UnitTestResult executionId="331708a4-96f7-4da3-b0ea-b64afaf1f2b0" testId="7f8710bd-ed02-7ce1-6940-5bfad01049c5" testName="Octopath_Traveler.Tests.Tests.TestE1_InvalidTeams(teamsFolder: &quot;data\\E1-InvalidTeams&quot;, testFile: &quot;data\\E1-InvalidTeams-Tests\\008.txt&quot;)" computerName="DESKTOP-V5ONN4V" duration="00:00:00.0075875" startTime="2026-03-25T17:02:21.2020342-03:00" endTime="2026-03-25T17:02:21.2020347-03:00" testType="13cdc9d9-ddb5-4fa4-a97d-d965ccfc6d4b" outcome="Passed" testListId="8c84fa94-04c1-424b-9868-57a2d4851a1d" relativeResultsDirectory="331708a4-96f7-4da3-b0ea-b64afaf1f2b0" />
    <UnitTestResult executionId="66dcd830-9d6a-4331-8183-91753b07f26b" testId="24bfed9b-d364-244f-4211-07cc20341e91" testName="Octopath_Traveler.Tests.Tests.TestE1_RandomBasicCombat(teamsFolder: &quot;data\\E1-RandomBasicCombat&quot;, testFile: &quot;data\\E1-RandomBasicCombat-Tests\\098.txt&quot;)" computerName="DESKTOP-V5ONN4V" duration="00:00:00.0159139" startTime="2026-03-25T17:02:19.6611090-03:00" endTime="2026-03-25T17:02:19.6611095-03:00" testType="13cdc9d9-ddb5-4fa4-a97d-d965ccfc6d4b" outcome="Failed" testListId="8c84fa94-04c1-424b-9868-57a2d4851a1d" relativeResultsDirectory="66dcd830-9d6a-4331-8183-91753b07f26b">
      <Output>
        <ErrorInfo>
          <Message>Assert.Equal() Failure: Strings differ&#xD;
                  ↓ (pos 7)&#xD;
Expected: "[L103] ----------------------------------"···&#xD;
Actual:   "[L103] Archivo de equipos no válido"&#xD;
                  ↑ (pos 7)</Message>
          <StackTrace>   at Octopath_Traveler.Tests.Tests.CompareScripts(IReadOnlyList`1 actualScript, IReadOnlyList`1 expectedScript) in C:\Users\Francisca Prieto\OneDrive\Documentos\Clara\diseno_detallado\proyecto\Octopath-Traveler\Octopath-Traveler.Tests\Tests.cs:line 59&#xD;
   at Octopath_Traveler.Tests.Tests.RunTest(String teamsFolder, String testFile) in C:\Users\Francisca Prieto\OneDrive\Documentos\Clara\diseno_detallado\proyecto\Octopath-Traveler\Octopath-Traveler.Tests\Tests.cs:line 49&#xD;
   at Octopath_Traveler.Tests.Tests.TestE1_RandomBasicCombat(String teamsFolder, String testFile) in C:\Users\Francisca Prieto\OneDrive\Documentos\Clara\diseno_detallado\proyecto\Octopath-Traveler\Octopath-Traveler.Tests\Tests.cs:line 20&#xD;
   at InvokeStub_Tests.TestE1_RandomBasicCombat(Object, Span`1)&#xD;
   at System.Reflection.MethodBaseInvoker.InvokeWithFewArgs(Object obj, BindingFlags invokeAttr, Binder binder, Object[] parameters, CultureInfo culture)</StackTrace>
        </ErrorInfo>
      </Output>
    </UnitTestResult>
    <UnitTestResult executionId="1c768f1c-8d45-4bdb-9689-d0073c4ec24f" testId="721d7c69-98b4-0464-be66-a3cdf686c3f3" testName="Octopath_Traveler.Tests.Tests.TestE1_RandomBasicCombat(teamsFolder: &quot;data\\E1-RandomBasicCombat&quot;, testFile: &quot;data\\E1-RandomBasicCombat-Tests\\028.txt&quot;)" computerName="DESKTOP-V5ONN4V" duration="00:00:00.0136647" startTime="2026-03-25T17:02:20.1288363-03:00" endTime="2026-03-25T17:02:20.1288367-03:00" testType="13cdc9d9-ddb5-4fa4-a97d-d965ccfc6d4b" outcome="Failed" testListId="8c84fa94-04c1-424b-9868-57a2d4851a1d" relativeResultsDirectory="1c768f1c-8d45-4bdb-9689-d0073c4ec24f">
      <Output>
        <ErrorInfo>
          <Message>Assert.Equal() Failure: Strings differ&#xD;
                  ↓ (pos 7)&#xD;
Expected: "[L103] ----------------------------------"···&#xD;
Actual:   "[L103] Archivo de equipos no válido"&#xD;
                  ↑ (pos 7)</Message>
          <StackTrace>   at Octopath_Traveler.Tests.Tests.CompareScripts(IReadOnlyList`1 actualScript, IReadOnlyList`1 expectedScript) in C:\Users\Francisca Prieto\OneDrive\Documentos\Clara\diseno_detallado\proyecto\Octopath-Traveler\Octopath-Traveler.Tests\Tests.cs:line 59&#xD;
   at Octopath_Traveler.Tests.Tests.RunTest(String teamsFolder, String testFile) in C:\Users\Francisca Prieto\OneDrive\Documentos\Clara\diseno_detallado\proyecto\Octopath-Traveler\Octopath-Traveler.Tests\Tests.cs:line 49&#xD;
   at Octopath_Traveler.Tests.Tests.TestE1_RandomBasicCombat(String teamsFolder, String testFile) in C:\Users\Francisca Prieto\OneDrive\Documentos\Clara\diseno_detallado\proyecto\Octopath-Traveler\Octopath-Traveler.Tests\Tests.cs:line 20&#xD;
   at InvokeStub_Tests.TestE1_RandomBasicCombat(Object, Span`1)&#xD;
   at System.Reflection.MethodBaseInvoker.InvokeWithFewArgs(Object obj, BindingFlags invokeAttr, Binder binder, Object[] parameters, CultureInfo culture)</StackTrace>
        </ErrorInfo>
      </Output>
    </UnitTestResult>
    <UnitTestResult executionId="a68a2828-36ef-46c1-94d9-df7cb84bfd52" testId="24740d45-82bb-8666-0593-93ce12b7de66" testName="Octopath_Traveler.Tests.Tests.TestE1_RandomBasicCombat(teamsFolder: &quot;data\\E1-RandomBasicCombat&quot;, testFile: &quot;data\\E1-RandomBasicCombat-Tests\\039.txt&quot;)" computerName="DESKTOP-V5ONN4V" duration="00:00:00.0140324" startTime="2026-03-25T17:02:18.8226131-03:00" endTime="2026-03-25T17:02:18.8226138-03:00" testType="13cdc9d9-ddb5-4fa4-a97d-d965ccfc6d4b" outcome="Failed" testListId="8c84fa94-04c1-424b-9868-57a2d4851a1d" relativeResultsDirectory="a68a2828-36ef-46c1-94d9-df7cb84bfd52">
      <Output>
        <ErrorInfo>
          <Message>Assert.Equal() Failure: Strings differ&#xD;
                  ↓ (pos 7)&#xD;
Expected: "[L103] ----------------------------------"···&#xD;
Actual:   "[L103] Archivo de equipos no válido"&#xD;
                  ↑ (pos 7)</Message>
          <StackTrace>   at Octopath_Traveler.Tests.Tests.CompareScripts(IReadOnlyList`1 actualScript, IReadOnlyList`1 expectedScript) in C:\Users\Francisca Prieto\OneDrive\Documentos\Clara\diseno_detallado\proyecto\Octopath-Traveler\Octopath-Traveler.Tests\Tests.cs:line 59&#xD;
   at Octopath_Traveler.Tests.Tests.RunTest(String teamsFolder, String testFile) in C:\Users\Francisca Prieto\OneDrive\Documentos\Clara\diseno_detallado\proyecto\Octopath-Traveler\Octopath-Traveler.Tests\Tests.cs:line 49&#xD;
   at Octopath_Traveler.Tests.Tests.TestE1_RandomBasicCombat(String teamsFolder, String testFile) in C:\Users\Francisca Prieto\OneDrive\Documentos\Clara\diseno_detallado\proyecto\Octopath-Traveler\Octopath-Traveler.Tests\Tests.cs:line 20&#xD;
   at InvokeStub_Tests.TestE1_RandomBasicCombat(Object, Span`1)&#xD;
   at System.Reflection.MethodBaseInvoker.InvokeWithFewArgs(Object obj, BindingFlags invokeAttr, Binder binder, Object[] parameters, CultureInfo culture)</StackTrace>
        </ErrorInfo>
      </Output>
    </UnitTestResult>
    <UnitTestResult executionId="2e1c7210-2ed2-4426-a324-d245f64ea910" testId="66c4df35-cca7-10bd-1654-1fd2ef038c24" testName="Octopath_Traveler.Tests.Tests.TestE1_RandomBasicCombat(teamsFolder: &quot;data\\E1-RandomBasicCombat&quot;, testFile: &quot;data\\E1-RandomBasicCombat-Tests\\023.txt&quot;)" computerName="DESKTOP-V5ONN4V" duration="00:00:00.0231289" startTime="2026-03-25T17:02:19.9283780-03:00" endTime="2026-03-25T17:02:19.9283785-03:00" testType="13cdc9d9-ddb5-4fa4-a97d-d965ccfc6d4b" outcome="Failed" testListId="8c84fa94-04c1-424b-9868-57a2d4851a1d" relativeResultsDirectory="2e1c7210-2ed2-4426-a324-d245f64ea910">
      <Output>
        <ErrorInfo>
          <Message>Assert.Equal() Failure: Strings differ&#xD;
                  ↓ (pos 7)&#xD;
Expected: "[L103] ----------------------------------"···&#xD;
Actual:   "[L103] Archivo de equipos no válido"&#xD;
                  ↑ (pos 7)</Message>
          <StackTrace>   at Octopath_Traveler.Tests.Tests.CompareScripts(IReadOnlyList`1 actualScript, IReadOnlyList`1 expectedScript) in C:\Users\Francisca Prieto\OneDrive\Documentos\Clara\diseno_detallado\proyecto\Octopath-Traveler\Octopath-Traveler.Tests\Tests.cs:line 59&#xD;
   at Octopath_Traveler.Tests.Tests.RunTest(String teamsFolder, String testFile) in C:\Users\Francisca Prieto\OneDrive\Documentos\Clara\diseno_detallado\proyecto\Octopath-Traveler\Octopath-Traveler.Tests\Tests.cs:line 49&#xD;
   at Octopath_Traveler.Tests.Tests.TestE1_RandomBasicCombat(String teamsFolder, String testFile) in C:\Users\Francisca Prieto\OneDrive\Documentos\Clara\diseno_detallado\proyecto\Octopath-Traveler\Octopath-Traveler.Tests\Tests.cs:line 20&#xD;
   at InvokeStub_Tests.TestE1_RandomBasicCombat(Object, Span`1)&#xD;
   at System.Reflection.MethodBaseInvoker.InvokeWithFewArgs(Object obj, BindingFlags invokeAttr, Binder binder, Object[] parameters, CultureInfo culture)</StackTrace>
        </ErrorInfo>
      </Output>
    </UnitTestResult>
    <UnitTestResult executionId="308b8016-8ff3-4e5b-b1a6-b81d2496cb2b" testId="46bcc226-4107-d2e3-bcf8-e8bdfd0f8eba" testName="Octopath_Traveler.Tests.Tests.TestE1_RandomBasicCombat(teamsFolder: &quot;data\\E1-RandomBasicCombat&quot;, testFile: &quot;data\\E1-RandomBasicCombat-Tests\\092.txt&quot;)" computerName="DESKTOP-V5ONN4V" duration="00:00:00.1021456" startTime="2026-03-25T17:02:20.8925998-03:00" endTime="2026-03-25T17:02:20.8926001-03:00" testType="13cdc9d9-ddb5-4fa4-a97d-d965ccfc6d4b" outcome="Failed" testListId="8c84fa94-04c1-424b-9868-57a2d4851a1d" relativeResultsDirectory="308b8016-8ff3-4e5b-b1a6-b81d2496cb2b">
      <Output>
        <ErrorInfo>
          <Message>Assert.Equal() Failure: Strings differ&#xD;
                  ↓ (pos 7)&#xD;
Expected: "[L103] ----------------------------------"···&#xD;
Actual:   "[L103] Archivo de equipos no válido"&#xD;
                  ↑ (pos 7)</Message>
          <StackTrace>   at Octopath_Traveler.Tests.Tests.CompareScripts(IReadOnlyList`1 actualScript, IReadOnlyList`1 expectedScript) in C:\Users\Francisca Prieto\OneDrive\Documentos\Clara\diseno_detallado\proyecto\Octopath-Traveler\Octopath-Traveler.Tests\Tests.cs:line 59&#xD;
   at Octopath_Traveler.Tests.Tests.RunTest(String teamsFolder, String testFile) in C:\Users\Francisca Prieto\OneDrive\Documentos\Clara\diseno_detallado\proyecto\Octopath-Traveler\Octopath-Traveler.Tests\Tests.cs:line 49&#xD;
   at Octopath_Traveler.Tests.Tests.TestE1_RandomBasicCombat(String teamsFolder, String testFile) in C:\Users\Francisca Prieto\OneDrive\Documentos\Clara\diseno_detallado\proyecto\Octopath-Traveler\Octopath-Traveler.Tests\Tests.cs:line 20&#xD;
   at InvokeStub_Tests.TestE1_RandomBasicCombat(Object, Span`1)&#xD;
   at System.Reflection.MethodBaseInvoker.InvokeWithFewArgs(Object obj, BindingFlags invokeAttr, Binder binder, Object[] parameters, CultureInfo culture)</StackTrace>
        </ErrorInfo>
      </Output>
    </UnitTestResult>
    <UnitTestResult executionId="b2eaeb99-323d-4ffc-8c9a-a55d76bb5135" testId="648afdf9-bb0f-02bf-c280-72a79b7c2fa4" testName="Octopath_Traveler.Tests.Tests.TestE1_BasicCombat(teamsFolder: &quot;data\\E1-BasicCombat&quot;, testFile: &quot;data\\E1-BasicCombat-Tests\\001.txt&quot;)" computerName="DESKTOP-V5ONN4V" duration="00:00:00.0377797" startTime="2026-03-25T17:02:21.4150901-03:00" endTime="2026-03-25T17:02:21.4150904-03:00" testType="13cdc9d9-ddb5-4fa4-a97d-d965ccfc6d4b" outcome="Failed" testListId="8c84fa94-04c1-424b-9868-57a2d4851a1d" relativeResultsDirectory="b2eaeb99-323d-4ffc-8c9a-a55d76bb5135">
      <Output>
        <ErrorInfo>
          <Message>Assert.Equal() Failure: Strings differ&#xD;
                 ↓ (pos 6)&#xD;
Expected: "[L17] -----------------------------------"···&#xD;
Actual:   "[L17] Archivo de equipos no válido"&#xD;
                 ↑ (pos 6)</Message>
          <StackTrace>   at Octopath_Traveler.Tests.Tests.CompareScripts(IReadOnlyList`1 actualScript, IReadOnlyList`1 expectedScript) in C:\Users\Francisca Prieto\OneDrive\Documentos\Clara\diseno_detallado\proyecto\Octopath-Traveler\Octopath-Traveler.Tests\Tests.cs:line 59&#xD;
   at Octopath_Traveler.Tests.Tests.RunTest(String teamsFolder, String testFile) in C:\Users\Francisca Prieto\OneDrive\Documentos\Clara\diseno_detallado\proyecto\Octopath-Traveler\Octopath-Traveler.Tests\Tests.cs:line 49&#xD;
   at Octopath_Traveler.Tests.Tests.TestE1_BasicCombat(String teamsFolder, String testFile) in C:\Users\Francisca Prieto\OneDrive\Documentos\Clara\diseno_detallado\proyecto\Octopath-Traveler\Octopath-Traveler.Tests\Tests.cs:line 10&#xD;
   at InvokeStub_Tests.TestE1_BasicCombat(Object, Span`1)&#xD;
   at System.Reflection.MethodBaseInvoker.InvokeWithFewArgs(Object obj, BindingFlags invokeAttr, Binder binder, Object[] parameters, CultureInfo culture)</StackTrace>
        </ErrorInfo>
      </Output>
    </UnitTestResult>
    <UnitTestResult executionId="e102debd-df63-40dc-bc22-5070bdb64337" testId="79bfb883-9f84-1fa0-171c-4cf244b1f4ba" testName="Octopath_Traveler.Tests.Tests.TestE1_RandomBasicCombat(teamsFolder: &quot;data\\E1-RandomBasicCombat&quot;, testFile: &quot;data\\E1-RandomBasicCombat-Tests\\022.txt&quot;)" computerName="DESKTOP-V5ONN4V" duration="00:00:00.0154741" startTime="2026-03-25T17:02:21.1362684-03:00" endTime="2026-03-25T17:02:21.1362689-03:00" testType="13cdc9d9-ddb5-4fa4-a97d-d965ccfc6d4b" outcome="Failed" testListId="8c84fa94-04c1-424b-9868-57a2d4851a1d" relativeResultsDirectory="e102debd-df63-40dc-bc22-5070bdb64337">
      <Output>
        <ErrorInfo>
          <Message>Assert.Equal() Failure: Strings differ&#xD;
                  ↓ (pos 7)&#xD;
Expected: "[L103] ----------------------------------"···&#xD;
Actual:   "[L103] Archivo de equipos no válido"&#xD;
                  ↑ (pos 7)</Message>
          <StackTrace>   at Octopath_Traveler.Tests.Tests.CompareScripts(IReadOnlyList`1 actualScript, IReadOnlyList`1 expectedScript) in C:\Users\Francisca Prieto\OneDrive\Documentos\Clara\diseno_detallado\proyecto\Octopath-Traveler\Octopath-Traveler.Tests\Tests.cs:line 59&#xD;
   at Octopath_Traveler.Tests.Tests.RunTest(String teamsFolder, String testFile) in C:\Users\Francisca Prieto\OneDrive\Documentos\Clara\diseno_detallado\proyecto\Octopath-Traveler\Octopath-Traveler.Tests\Tests.cs:line 49&#xD;
   at Octopath_Traveler.Tests.Tests.TestE1_RandomBasicCombat(String teamsFolder, String testFile) in C:\Users\Francisca Prieto\OneDrive\Documentos\Clara\diseno_detallado\proyecto\Octopath-Traveler\Octopath-Traveler.Tests\Tests.cs:line 20&#xD;
   at InvokeStub_Tests.TestE1_RandomBasicCombat(Object, Span`1)&#xD;
   at System.Reflection.MethodBaseInvoker.InvokeWithFewArgs(Object obj, BindingFlags invokeAttr, Binder binder, Object[] parameters, CultureInfo culture)</StackTrace>
        </ErrorInfo>
      </Output>
    </UnitTestResult>
    <UnitTestResult executionId="860330b1-5280-40f6-a949-f45da4d3cbc3" testId="563a3676-9faf-ea18-0c5d-0cbb9a2c8bf5" testName="Octopath_Traveler.Tests.Tests.TestE1_BasicCombat(teamsFolder: &quot;data\\E1-BasicCombat&quot;, testFile: &quot;data\\E1-BasicCombat-Tests\\005.txt&quot;)" computerName="DESKTOP-V5ONN4V" duration="00:00:00.0226496" startTime="2026-03-25T17:02:21.3076649-03:00" endTime="2026-03-25T17:02:21.3076653-03:00" testType="13cdc9d9-ddb5-4fa4-a97d-d965ccfc6d4b" outcome="Failed" testListId="8c84fa94-04c1-424b-9868-57a2d4851a1d" relativeResultsDirectory="860330b1-5280-40f6-a949-f45da4d3cbc3">
      <Output>
        <ErrorInfo>
          <Message>Assert.Equal() Failure: Strings differ&#xD;
                 ↓ (pos 6)&#xD;
Expected: "[L17] -----------------------------------"···&#xD;
Actual:   "[L17] Archivo de equipos no válido"&#xD;
                 ↑ (pos 6)</Message>
          <StackTrace>   at Octopath_Traveler.Tests.Tests.CompareScripts(IReadOnlyList`1 actualScript, IReadOnlyList`1 expectedScript) in C:\Users\Francisca Prieto\OneDrive\Documentos\Clara\diseno_detallado\proyecto\Octopath-Traveler\Octopath-Traveler.Tests\Tests.cs:line 59&#xD;
   at Octopath_Traveler.Tests.Tests.RunTest(String teamsFolder, String testFile) in C:\Users\Francisca Prieto\OneDrive\Documentos\Clara\diseno_detallado\proyecto\Octopath-Traveler\Octopath-Traveler.Tests\Tests.cs:line 49&#xD;
   at Octopath_Traveler.Tests.Tests.TestE1_BasicCombat(String teamsFolder, String testFile) in C:\Users\Francisca Prieto\OneDrive\Documentos\Clara\diseno_detallado\proyecto\Octopath-Traveler\Octopath-Traveler.Tests\Tests.cs:line 10&#xD;
   at InvokeStub_Tests.TestE1_BasicCombat(Object, Span`1)&#xD;
   at System.Reflection.MethodBaseInvoker.InvokeWithFewArgs(Object obj, BindingFlags invokeAttr, Binder binder, Object[] parameters, CultureInfo culture)</StackTrace>
        </ErrorInfo>
      </Output>
    </UnitTestResult>
    <UnitTestResult executionId="ff86e399-f804-4404-a87e-b89c477fd55d" testId="dbf5c1d5-ea3f-ac46-1440-1be6654a5746" testName="Octopath_Traveler.Tests.Tests.TestE1_InvalidTeams(teamsFolder: &quot;data\\E1-InvalidTeams&quot;, testFile: &quot;data\\E1-InvalidTeams-Tests\\006.txt&quot;)" computerName="DESKTOP-V5ONN4V" duration="00:00:00.0086610" startTime="2026-03-25T17:02:21.1953102-03:00" endTime="2026-03-25T17:02:21.1953108-03:00" testType="13cdc9d9-ddb5-4fa4-a97d-d965ccfc6d4b" outcome="Passed" testListId="8c84fa94-04c1-424b-9868-57a2d4851a1d" relativeResultsDirectory="ff86e399-f804-4404-a87e-b89c477fd55d" />
    <UnitTestResult executionId="790741c3-ffb5-478e-8f39-acfdef6421cf" testId="730031ed-4f29-f193-b7e1-02cf8ecabca7" testName="Octopath_Traveler.Tests.Tests.TestE1_RandomBasicCombat(teamsFolder: &quot;data\\E1-RandomBasicCombat&quot;, testFile: &quot;data\\E1-RandomBasicCombat-Tests\\018.txt&quot;)" computerName="DESKTOP-V5ONN4V" duration="00:00:00.0117844" startTime="2026-03-25T17:02:19.3487988-03:00" endTime="2026-03-25T17:02:19.3487993-03:00" testType="13cdc9d9-ddb5-4fa4-a97d-d965ccfc6d4b" outcome="Failed" testListId="8c84fa94-04c1-424b-9868-57a2d4851a1d" relativeResultsDirectory="790741c3-ffb5-478e-8f39-acfdef6421cf">
      <Output>
        <ErrorInfo>
          <Message>Assert.Equal() Failure: Strings differ&#xD;
                  ↓ (pos 7)&#xD;
Expected: "[L103] ----------------------------------"···&#xD;
Actual:   "[L103] Archivo de equipos no válido"&#xD;
                  ↑ (pos 7)</Message>
          <StackTrace>   at Octopath_Traveler.Tests.Tests.CompareScripts(IReadOnlyList`1 actualScript, IReadOnlyList`1 expectedScript) in C:\Users\Francisca Prieto\OneDrive\Documentos\Clara\diseno_detallado\proyecto\Octopath-Traveler\Octopath-Traveler.Tests\Tests.cs:line 59&#xD;
   at Octopath_Traveler.Tests.Tests.RunTest(String teamsFolder, String testFile) in C:\Users\Francisca Prieto\OneDrive\Documentos\Clara\diseno_detallado\proyecto\Octopath-Traveler\Octopath-Traveler.Tests\Tests.cs:line 49&#xD;
   at Octopath_Traveler.Tests.Tests.TestE1_RandomBasicCombat(String teamsFolder, String testFile) in C:\Users\Francisca Prieto\OneDrive\Documentos\Clara\diseno_detallado\proyecto\Octopath-Traveler\Octopath-Traveler.Tests\Tests.cs:line 20&#xD;
   at InvokeStub_Tests.TestE1_RandomBasicCombat(Object, Span`1)&#xD;
   at System.Reflection.MethodBaseInvoker.InvokeWithFewArgs(Object obj, BindingFlags invokeAttr, Binder binder, Object[] parameters, CultureInfo culture)</StackTrace>
        </ErrorInfo>
      </Output>
    </UnitTestResult>
    <UnitTestResult executionId="097c6d06-9194-4ff4-9cfb-1dcfdc5fb447" testId="d669e114-433b-5b5d-0b5a-137340e5c062" testName="Octopath_Traveler.Tests.Tests.TestE1_BasicCombat(teamsFolder: &quot;data\\E1-BasicCombat&quot;, testFile: &quot;data\\E1-BasicCombat-Tests\\010.txt&quot;)" computerName="DESKTOP-V5ONN4V" duration="00:00:00.0126150" startTime="2026-03-25T17:02:21.4628481-03:00" endTime="2026-03-25T17:02:21.4628486-03:00" testType="13cdc9d9-ddb5-4fa4-a97d-d965ccfc6d4b" outcome="Failed" testListId="8c84fa94-04c1-424b-9868-57a2d4851a1d" relativeResultsDirectory="097c6d06-9194-4ff4-9cfb-1dcfdc5fb447">
      <Output>
        <ErrorInfo>
          <Message>Assert.Equal() Failure: Strings differ&#xD;
                 ↓ (pos 6)&#xD;
Expected: "[L17] -----------------------------------"···&#xD;
Actual:   "[L17] Archivo de equipos no válido"&#xD;
                 ↑ (pos 6)</Message>
          <StackTrace>   at Octopath_Traveler.Tests.Tests.CompareScripts(IReadOnlyList`1 actualScript, IReadOnlyList`1 expectedScript) in C:\Users\Francisca Prieto\OneDrive\Documentos\Clara\diseno_detallado\proyecto\Octopath-Traveler\Octopath-Traveler.Tests\Tests.cs:line 59&#xD;
   at Octopath_Traveler.Tests.Tests.RunTest(String teamsFolder, String testFile) in C:\Users\Francisca Prieto\OneDrive\Documentos\Clara\diseno_detallado\proyecto\Octopath-Traveler\Octopath-Traveler.Tests\Tests.cs:line 49&#xD;
   at Octopath_Traveler.Tests.Tests.TestE1_BasicCombat(String teamsFolder, String testFile) in C:\Users\Francisca Prieto\OneDrive\Documentos\Clara\diseno_detallado\proyecto\Octopath-Traveler\Octopath-Traveler.Tests\Tests.cs:line 10&#xD;
   at InvokeStub_Tests.TestE1_BasicCombat(Object, Span`1)&#xD;
   at System.Reflection.MethodBaseInvoker.InvokeWithFewArgs(Object obj, BindingFlags invokeAttr, Binder binder, Object[] parameters, CultureInfo culture)</StackTrace>
        </ErrorInfo>
      </Output>
    </UnitTestResult>
    <UnitTestResult executionId="23e8bcc4-fbc4-4257-860c-868e56707c24" testId="35bcb65f-3974-ba81-95b6-eadf1184598c" testName="Octopath_Traveler.Tests.Tests.TestE1_RandomBasicCombat(teamsFolder: &quot;data\\E1-RandomBasicCombat&quot;, testFile: &quot;data\\E1-RandomBasicCombat-Tests\\001.txt&quot;)" computerName="DESKTOP-V5ONN4V" duration="00:00:00.0146431" startTime="2026-03-25T17:02:18.9731213-03:00" endTime="2026-03-25T17:02:18.9731217-03:00" testType="13cdc9d9-ddb5-4fa4-a97d-d965ccfc6d4b" outcome="Failed" testListId="8c84fa94-04c1-424b-9868-57a2d4851a1d" relativeResultsDirectory="23e8bcc4-fbc4-4257-860c-868e56707c24">
      <Output>
        <ErrorInfo>
          <Message>Assert.Equal() Failure: Strings differ&#xD;
                  ↓ (pos 7)&#xD;
Expected: "[L103] ----------------------------------"···&#xD;
Actual:   "[L103] Archivo de equipos no válido"&#xD;
                  ↑ (pos 7)</Message>
          <StackTrace>   at Octopath_Traveler.Tests.Tests.CompareScripts(IReadOnlyList`1 actualScript, IReadOnlyList`1 expectedScript) in C:\Users\Francisca Prieto\OneDrive\Documentos\Clara\diseno_detallado\proyecto\Octopath-Traveler\Octopath-Traveler.Tests\Tests.cs:line 59&#xD;
   at Octopath_Traveler.Tests.Tests.RunTest(String teamsFolder, String testFile) in C:\Users\Francisca Prieto\OneDrive\Documentos\Clara\diseno_detallado\proyecto\Octopath-Traveler\Octopath-Traveler.Tests\Tests.cs:line 49&#xD;
   at Octopath_Traveler.Tests.Tests.TestE1_RandomBasicCombat(String teamsFolder, String testFile) in C:\Users\Francisca Prieto\OneDrive\Documentos\Clara\diseno_detallado\proyecto\Octopath-Traveler\Octopath-Traveler.Tests\Tests.cs:line 20&#xD;
   at InvokeStub_Tests.TestE1_RandomBasicCombat(Object, Span`1)&#xD;
   at System.Reflection.MethodBaseInvoker.InvokeWithFewArgs(Object obj, BindingFlags invokeAttr, Binder binder, Object[] parameters, CultureInfo culture)</StackTrace>
        </ErrorInfo>
      </Output>
    </UnitTestResult>
    <UnitTestResult executionId="67dfffaf-6598-4840-b17e-5b17914a55b4" testId="5b20ddc7-1ac0-20e8-d952-73080980a536" testName="Octopath_Traveler.Tests.Tests.TestE1_BasicCombat(teamsFolder: &quot;data\\E1-BasicCombat&quot;, testFile: &quot;data\\E1-BasicCombat-Tests\\002.txt&quot;)" computerName="DESKTOP-V5ONN4V" duration="00:00:00.0140880" startTime="2026-03-25T17:02:21.2444796-03:00" endTime="2026-03-25T17:02:21.2444802-03:00" testType="13cdc9d9-ddb5-4fa4-a97d-d965ccfc6d4b" outcome="Passed" testListId="8c84fa94-04c1-424b-9868-57a2d4851a1d" relativeResultsDirectory="67dfffaf-6598-4840-b17e-5b17914a55b4" />
    <UnitTestResult executionId="36bda59e-ad88-4e88-bf1b-9e1faee386ca" testId="0896b902-42f2-7c13-cd49-1274b377ef08" testName="Octopath_Traveler.Tests.Tests.TestE1_RandomBasicCombat(teamsFolder: &quot;data\\E1-RandomBasicCombat&quot;, testFile: &quot;data\\E1-RandomBasicCombat-Tests\\050.txt&quot;)" computerName="DESKTOP-V5ONN4V" duration="00:00:00.0190720" startTime="2026-03-25T17:02:18.8051683-03:00" endTime="2026-03-25T17:02:18.8051688-03:00" testType="13cdc9d9-ddb5-4fa4-a97d-d965ccfc6d4b" outcome="Failed" testListId="8c84fa94-04c1-424b-9868-57a2d4851a1d" relativeResultsDirectory="36bda59e-ad88-4e88-bf1b-9e1faee386ca">
      <Output>
        <ErrorInfo>
          <Message>Assert.Equal() Failure: Strings differ&#xD;
                  ↓ (pos 7)&#xD;
Expected: "[L103] ----------------------------------"···&#xD;
Actual:   "[L103] Archivo de equipos no válido"&#xD;
                  ↑ (pos 7)</Message>
          <StackTrace>   at Octopath_Traveler.Tests.Tests.CompareScripts(IReadOnlyList`1 actualScript, IReadOnlyList`1 expectedScript) in C:\Users\Francisca Prieto\OneDrive\Documentos\Clara\diseno_detallado\proyecto\Octopath-Traveler\Octopath-Traveler.Tests\Tests.cs:line 59&#xD;
   at Octopath_Traveler.Tests.Tests.RunTest(String teamsFolder, String testFile) in C:\Users\Francisca Prieto\OneDrive\Documentos\Clara\diseno_detallado\proyecto\Octopath-Traveler\Octopath-Traveler.Tests\Tests.cs:line 49&#xD;
   at Octopath_Traveler.Tests.Tests.TestE1_RandomBasicCombat(String teamsFolder, String testFile) in C:\Users\Francisca Prieto\OneDrive\Documentos\Clara\diseno_detallado\proyecto\Octopath-Traveler\Octopath-Traveler.Tests\Tests.cs:line 20&#xD;
   at InvokeStub_Tests.TestE1_RandomBasicCombat(Object, Span`1)&#xD;
   at System.Reflection.MethodBaseInvoker.InvokeWithFewArgs(Object obj, BindingFlags invokeAttr, Binder binder, Object[] parameters, CultureInfo culture)</StackTrace>
        </ErrorInfo>
      </Output>
    </UnitTestResult>
    <UnitTestResult executionId="c070ec67-5a1d-4251-87e8-ad5d4321857b" testId="185c8f83-4000-f0e7-0f14-2ab7fa79adf8" testName="Octopath_Traveler.Tests.Tests.TestE1_RandomBasicCombat(teamsFolder: &quot;data\\E1-RandomBasicCombat&quot;, testFile: &quot;data\\E1-RandomBasicCombat-Tests\\069.txt&quot;)" computerName="DESKTOP-V5ONN4V" duration="00:00:00.0227774" startTime="2026-03-25T17:02:19.4687529-03:00" endTime="2026-03-25T17:02:19.4687536-03:00" testType="13cdc9d9-ddb5-4fa4-a97d-d965ccfc6d4b" outcome="Failed" testListId="8c84fa94-04c1-424b-9868-57a2d4851a1d" relativeResultsDirectory="c070ec67-5a1d-4251-87e8-ad5d4321857b">
      <Output>
        <ErrorInfo>
          <Message>Assert.Equal() Failure: Strings differ&#xD;
                  ↓ (pos 7)&#xD;
Expected: "[L103] ----------------------------------"···&#xD;
Actual:   "[L103] Archivo de equipos no válido"&#xD;
                  ↑ (pos 7)</Message>
          <StackTrace>   at Octopath_Traveler.Tests.Tests.CompareScripts(IReadOnlyList`1 actualScript, IReadOnlyList`1 expectedScript) in C:\Users\Francisca Prieto\OneDrive\Documentos\Clara\diseno_detallado\proyecto\Octopath-Traveler\Octopath-Traveler.Tests\Tests.cs:line 59&#xD;
   at Octopath_Traveler.Tests.Tests.RunTest(String teamsFolder, String testFile) in C:\Users\Francisca Prieto\OneDrive\Documentos\Clara\diseno_detallado\proyecto\Octopath-Traveler\Octopath-Traveler.Tests\Tests.cs:line 49&#xD;
   at Octopath_Traveler.Tests.Tests.TestE1_RandomBasicCombat(String teamsFolder, String testFile) in C:\Users\Francisca Prieto\OneDrive\Documentos\Clara\diseno_detallado\proyecto\Octopath-Traveler\Octopath-Traveler.Tests\Tests.cs:line 20&#xD;
   at InvokeStub_Tests.TestE1_RandomBasicCombat(Object, Span`1)&#xD;
   at System.Reflection.MethodBaseInvoker.InvokeWithFewArgs(Object obj, BindingFlags invokeAttr, Binder binder, Object[] parameters, CultureInfo culture)</StackTrace>
        </ErrorInfo>
      </Output>
    </UnitTestResult>
    <UnitTestResult executionId="82b8b06e-f3fb-425a-b59f-9d1253d3a242" testId="9d64b153-1177-4798-bfe9-64108d2b1760" testName="Octopath_Traveler.Tests.Tests.TestE1_BasicCombat(teamsFolder: &quot;data\\E1-BasicCombat&quot;, testFile: &quot;data\\E1-BasicCombat-Tests\\014.txt&quot;)" computerName="DESKTOP-V5ONN4V" duration="00:00:00.0208035" startTime="2026-03-25T17:02:21.2302809-03:00" endTime="2026-03-25T17:02:21.2302814-03:00" testType="13cdc9d9-ddb5-4fa4-a97d-d965ccfc6d4b" outcome="Passed" testListId="8c84fa94-04c1-424b-9868-57a2d4851a1d" relativeResultsDirectory="82b8b06e-f3fb-425a-b59f-9d1253d3a242" />
    <UnitTestResult executionId="3af0c218-d346-44d6-956d-0940b9924442" testId="dce172d6-a3df-f15a-550f-0c2d7364348a" testName="Octopath_Traveler.Tests.Tests.TestE1_RandomBasicCombat(teamsFolder: &quot;data\\E1-RandomBasicCombat&quot;, testFile: &quot;data\\E1-RandomBasicCombat-Tests\\084.txt&quot;)" computerName="DESKTOP-V5ONN4V" duration="00:00:00.0107702" startTime="2026-03-25T17:02:21.1210799-03:00" endTime="2026-03-25T17:02:21.1210806-03:00" testType="13cdc9d9-ddb5-4fa4-a97d-d965ccfc6d4b" outcome="Failed" testListId="8c84fa94-04c1-424b-9868-57a2d4851a1d" relativeResultsDirectory="3af0c218-d346-44d6-956d-0940b9924442">
      <Output>
        <ErrorInfo>
          <Message>Assert.Equal() Failure: Strings differ&#xD;
                  ↓ (pos 7)&#xD;
Expected: "[L103] ----------------------------------"···&#xD;
Actual:   "[L103] Archivo de equipos no válido"&#xD;
                  ↑ (pos 7)</Message>
          <StackTrace>   at Octopath_Traveler.Tests.Tests.CompareScripts(IReadOnlyList`1 actualScript, IReadOnlyList`1 expectedScript) in C:\Users\Francisca Prieto\OneDrive\Documentos\Clara\diseno_detallado\proyecto\Octopath-Traveler\Octopath-Traveler.Tests\Tests.cs:line 59&#xD;
   at Octopath_Traveler.Tests.Tests.RunTest(String teamsFolder, String testFile) in C:\Users\Francisca Prieto\OneDrive\Documentos\Clara\diseno_detallado\proyecto\Octopath-Traveler\Octopath-Traveler.Tests\Tests.cs:line 49&#xD;
   at Octopath_Traveler.Tests.Tests.TestE1_RandomBasicCombat(String teamsFolder, String testFile) in C:\Users\Francisca Prieto\OneDrive\Documentos\Clara\diseno_detallado\proyecto\Octopath-Traveler\Octopath-Traveler.Tests\Tests.cs:line 20&#xD;
   at InvokeStub_Tests.TestE1_RandomBasicCombat(Object, Span`1)&#xD;
   at System.Reflection.MethodBaseInvoker.InvokeWithFewArgs(Object obj, BindingFlags invokeAttr, Binder binder, Object[] parameters, CultureInfo culture)</StackTrace>
        </ErrorInfo>
      </Output>
    </UnitTestResult>
    <UnitTestResult executionId="01434ab7-66a5-415e-8957-36b88f661caa" testId="1e6f1628-7e7e-38f5-11bd-23ae3a0e2750" testName="Octopath_Traveler.Tests.Tests.TestE1_RandomBasicCombat(teamsFolder: &quot;data\\E1-RandomBasicCombat&quot;, testFile: &quot;data\\E1-RandomBasicCombat-Tests\\035.txt&quot;)" computerName="DESKTOP-V5ONN4V" duration="00:00:00.0115976" startTime="2026-03-25T17:02:19.6084148-03:00" endTime="2026-03-25T17:02:19.6084153-03:00" testType="13cdc9d9-ddb5-4fa4-a97d-d965ccfc6d4b" outcome="Failed" testListId="8c84fa94-04c1-424b-9868-57a2d4851a1d" relativeResultsDirectory="01434ab7-66a5-415e-8957-36b88f661caa">
      <Output>
        <ErrorInfo>
          <Message>Assert.Equal() Failure: Strings differ&#xD;
                  ↓ (pos 7)&#xD;
Expected: "[L103] ----------------------------------"···&#xD;
Actual:   "[L103] Archivo de equipos no válido"&#xD;
                  ↑ (pos 7)</Message>
          <StackTrace>   at Octopath_Traveler.Tests.Tests.CompareScripts(IReadOnlyList`1 actualScript, IReadOnlyList`1 expectedScript) in C:\Users\Francisca Prieto\OneDrive\Documentos\Clara\diseno_detallado\proyecto\Octopath-Traveler\Octopath-Traveler.Tests\Tests.cs:line 59&#xD;
   at Octopath_Traveler.Tests.Tests.RunTest(String teamsFolder, String testFile) in C:\Users\Francisca Prieto\OneDrive\Documentos\Clara\diseno_detallado\proyecto\Octopath-Traveler\Octopath-Traveler.Tests\Tests.cs:line 49&#xD;
   at Octopath_Traveler.Tests.Tests.TestE1_RandomBasicCombat(String teamsFolder, String testFile) in C:\Users\Francisca Prieto\OneDrive\Documentos\Clara\diseno_detallado\proyecto\Octopath-Traveler\Octopath-Traveler.Tests\Tests.cs:line 20&#xD;
   at InvokeStub_Tests.TestE1_RandomBasicCombat(Object, Span`1)&#xD;
   at System.Reflection.MethodBaseInvoker.InvokeWithFewArgs(Object obj, BindingFlags invokeAttr, Binder binder, Object[] parameters, CultureInfo culture)</StackTrace>
        </ErrorInfo>
      </Output>
    </UnitTestResult>
    <UnitTestResult executionId="b4cd319e-fea5-4d3a-8239-37d2507b1610" testId="67135995-8b56-39e2-f0c2-158cf45e7fc9" testName="Octopath_Traveler.Tests.Tests.TestE1_RandomBasicCombat(teamsFolder: &quot;data\\E1-RandomBasicCombat&quot;, testFile: &quot;data\\E1-RandomBasicCombat-Tests\\079.txt&quot;)" computerName="DESKTOP-V5ONN4V" duration="00:00:00.0198238" startTime="2026-03-25T17:02:20.0149432-03:00" endTime="2026-03-25T17:02:20.0149437-03:00" testType="13cdc9d9-ddb5-4fa4-a97d-d965ccfc6d4b" outcome="Failed" testListId="8c84fa94-04c1-424b-9868-57a2d4851a1d" relativeResultsDirectory="b4cd319e-fea5-4d3a-8239-37d2507b1610">
      <Output>
        <ErrorInfo>
          <Message>Assert.Equal() Failure: Strings differ&#xD;
                  ↓ (pos 7)&#xD;
Expected: "[L103] ----------------------------------"···&#xD;
Actual:   "[L103] Archivo de equipos no válido"&#xD;
                  ↑ (pos 7)</Message>
          <StackTrace>   at Octopath_Traveler.Tests.Tests.CompareScripts(IReadOnlyList`1 actualScript, IReadOnlyList`1 expectedScript) in C:\Users\Francisca Prieto\OneDrive\Documentos\Clara\diseno_detallado\proyecto\Octopath-Traveler\Octopath-Traveler.Tests\Tests.cs:line 59&#xD;
   at Octopath_Traveler.Tests.Tests.RunTest(String teamsFolder, String testFile) in C:\Users\Francisca Prieto\OneDrive\Documentos\Clara\diseno_detallado\proyecto\Octopath-Traveler\Octopath-Traveler.Tests\Tests.cs:line 49&#xD;
   at Octopath_Traveler.Tests.Tests.TestE1_RandomBasicCombat(String teamsFolder, String testFile) in C:\Users\Francisca Prieto\OneDrive\Documentos\Clara\diseno_detallado\proyecto\Octopath-Traveler\Octopath-Traveler.Tests\Tests.cs:line 20&#xD;
   at InvokeStub_Tests.TestE1_RandomBasicCombat(Object, Span`1)&#xD;
   at System.Reflection.MethodBaseInvoker.InvokeWithFewArgs(Object obj, BindingFlags invokeAttr, Binder binder, Object[] parameters, CultureInfo culture)</StackTrace>
        </ErrorInfo>
      </Output>
    </UnitTestResult>
    <UnitTestResult executionId="d2fe5626-5942-4afc-96fb-02ad8ec6a2a7" testId="f882898c-f346-e310-ff5b-676bd1bc2066" testName="Octopath_Traveler.Tests.Tests.TestE1_RandomBasicCombat(teamsFolder: &quot;data\\E1-RandomBasicCombat&quot;, testFile: &quot;data\\E1-RandomBasicCombat-Tests\\044.txt&quot;)" computerName="DESKTOP-V5ONN4V" duration="00:00:00.0281676" startTime="2026-03-25T17:02:19.3769039-03:00" endTime="2026-03-25T17:02:19.3769043-03:00" testType="13cdc9d9-ddb5-4fa4-a97d-d965ccfc6d4b" outcome="Failed" testListId="8c84fa94-04c1-424b-9868-57a2d4851a1d" relativeResultsDirectory="d2fe5626-5942-4afc-96fb-02ad8ec6a2a7">
      <Output>
        <ErrorInfo>
          <Message>Assert.Equal() Failure: Strings differ&#xD;
                  ↓ (pos 7)&#xD;
Expected: "[L103] ----------------------------------"···&#xD;
Actual:   "[L103] Archivo de equipos no válido"&#xD;
                  ↑ (pos 7)</Message>
          <StackTrace>   at Octopath_Traveler.Tests.Tests.CompareScripts(IReadOnlyList`1 actualScript, IReadOnlyList`1 expectedScript) in C:\Users\Francisca Prieto\OneDrive\Documentos\Clara\diseno_detallado\proyecto\Octopath-Traveler\Octopath-Traveler.Tests\Tests.cs:line 59&#xD;
   at Octopath_Traveler.Tests.Tests.RunTest(String teamsFolder, String testFile) in C:\Users\Francisca Prieto\OneDrive\Documentos\Clara\diseno_detallado\proyecto\Octopath-Traveler\Octopath-Traveler.Tests\Tests.cs:line 49&#xD;
   at Octopath_Traveler.Tests.Tests.TestE1_RandomBasicCombat(String teamsFolder, String testFile) in C:\Users\Francisca Prieto\OneDrive\Documentos\Clara\diseno_detallado\proyecto\Octopath-Traveler\Octopath-Traveler.Tests\Tests.cs:line 20&#xD;
   at InvokeStub_Tests.TestE1_RandomBasicCombat(Object, Span`1)&#xD;
   at System.Reflection.MethodBaseInvoker.InvokeWithFewArgs(Object obj, BindingFlags invokeAttr, Binder binder, Object[] parameters, CultureInfo culture)</StackTrace>
        </ErrorInfo>
      </Output>
    </UnitTestResult>
    <UnitTestResult executionId="6b415063-9e0e-4adf-9276-70308d6a8b5c" testId="0f146bf0-cc83-82eb-05c5-213c17fe9359" testName="Octopath_Traveler.Tests.Tests.TestE1_RandomBasicCombat(teamsFolder: &quot;data\\E1-RandomBasicCombat&quot;, testFile: &quot;data\\E1-RandomBasicCombat-Tests\\031.txt&quot;)" computerName="DESKTOP-V5ONN4V" duration="00:00:00.0334320" startTime="2026-03-25T17:02:19.2756948-03:00" endTime="2026-03-25T17:02:19.2756956-03:00" testType="13cdc9d9-ddb5-4fa4-a97d-d965ccfc6d4b" outcome="Failed" testListId="8c84fa94-04c1-424b-9868-57a2d4851a1d" relativeResultsDirectory="6b415063-9e0e-4adf-9276-70308d6a8b5c">
      <Output>
        <ErrorInfo>
          <Message>Assert.Equal() Failure: Strings differ&#xD;
                  ↓ (pos 7)&#xD;
Expected: "[L103] ----------------------------------"···&#xD;
Actual:   "[L103] Archivo de equipos no válido"&#xD;
                  ↑ (pos 7)</Message>
          <StackTrace>   at Octopath_Traveler.Tests.Tests.CompareScripts(IReadOnlyList`1 actualScript, IReadOnlyList`1 expectedScript) in C:\Users\Francisca Prieto\OneDrive\Documentos\Clara\diseno_detallado\proyecto\Octopath-Traveler\Octopath-Traveler.Tests\Tests.cs:line 59&#xD;
   at Octopath_Traveler.Tests.Tests.RunTest(String teamsFolder, String testFile) in C:\Users\Francisca Prieto\OneDrive\Documentos\Clara\diseno_detallado\proyecto\Octopath-Traveler\Octopath-Traveler.Tests\Tests.cs:line 49&#xD;
   at Octopath_Traveler.Tests.Tests.TestE1_RandomBasicCombat(String teamsFolder, String testFile) in C:\Users\Francisca Prieto\OneDrive\Documentos\Clara\diseno_detallado\proyecto\Octopath-Traveler\Octopath-Traveler.Tests\Tests.cs:line 20&#xD;
   at InvokeStub_Tests.TestE1_RandomBasicCombat(Object, Span`1)&#xD;
   at System.Reflection.MethodBaseInvoker.InvokeWithFewArgs(Object obj, BindingFlags invokeAttr, Binder binder, Object[] parameters, CultureInfo culture)</StackTrace>
        </ErrorInfo>
      </Output>
    </UnitTestResult>
    <UnitTestResult executionId="91bb9d56-dff5-4267-be06-53c37a732c28" testId="596ad1a5-e9db-c00e-85fa-fe67bb2497cc" testName="Octopath_Traveler.Tests.Tests.TestE1_BasicCombat(teamsFolder: &quot;data\\E1-BasicCombat&quot;, testFile: &quot;data\\E1-BasicCombat-Tests\\006.txt&quot;)" computerName="DESKTOP-V5ONN4V" duration="00:00:00.0212951" startTime="2026-03-25T17:02:21.3752675-03:00" endTime="2026-03-25T17:02:21.3752680-03:00" testType="13cdc9d9-ddb5-4fa4-a97d-d965ccfc6d4b" outcome="Passed" testListId="8c84fa94-04c1-424b-9868-57a2d4851a1d" relativeResultsDirectory="91bb9d56-dff5-4267-be06-53c37a732c28" />
    <UnitTestResult executionId="879f6135-b795-4cb8-a42f-35c017538782" testId="783f92a1-1212-2a2c-a8cc-def125eb38b9" testName="Octopath_Traveler.Tests.Tests.TestE1_RandomBasicCombat(teamsFolder: &quot;data\\E1-RandomBasicCombat&quot;, testFile: &quot;data\\E1-RandomBasicCombat-Tests\\021.txt&quot;)" computerName="DESKTOP-V5ONN4V" duration="00:00:00.0159684" startTime="2026-03-25T17:02:20.0549501-03:00" endTime="2026-03-25T17:02:20.0549505-03:00" testType="13cdc9d9-ddb5-4fa4-a97d-d965ccfc6d4b" outcome="Failed" testListId="8c84fa94-04c1-424b-9868-57a2d4851a1d" relativeResultsDirectory="879f6135-b795-4cb8-a42f-35c017538782">
      <Output>
        <ErrorInfo>
          <Message>Assert.Equal() Failure: Strings differ&#xD;
                  ↓ (pos 7)&#xD;
Expected: "[L103] ----------------------------------"···&#xD;
Actual:   "[L103] Archivo de equipos no válido"&#xD;
                  ↑ (pos 7)</Message>
          <StackTrace>   at Octopath_Traveler.Tests.Tests.CompareScripts(IReadOnlyList`1 actualScript, IReadOnlyList`1 expectedScript) in C:\Users\Francisca Prieto\OneDrive\Documentos\Clara\diseno_detallado\proyecto\Octopath-Traveler\Octopath-Traveler.Tests\Tests.cs:line 59&#xD;
   at Octopath_Traveler.Tests.Tests.RunTest(String teamsFolder, String testFile) in C:\Users\Francisca Prieto\OneDrive\Documentos\Clara\diseno_detallado\proyecto\Octopath-Traveler\Octopath-Traveler.Tests\Tests.cs:line 49&#xD;
   at Octopath_Traveler.Tests.Tests.TestE1_RandomBasicCombat(String teamsFolder, String testFile) in C:\Users\Francisca Prieto\OneDrive\Documentos\Clara\diseno_detallado\proyecto\Octopath-Traveler\Octopath-Traveler.Tests\Tests.cs:line 20&#xD;
   at InvokeStub_Tests.TestE1_RandomBasicCombat(Object, Span`1)&#xD;
   at System.Reflection.MethodBaseInvoker.InvokeWithFewArgs(Object obj, BindingFlags invokeAttr, Binder binder, Object[] parameters, CultureInfo culture)</StackTrace>
        </ErrorInfo>
      </Output>
    </UnitTestResult>
    <UnitTestResult executionId="c13efa3d-d43c-4870-878b-5fde334e3621" testId="6312edb3-69c6-bf4a-6226-9c6eb1145ec6" testName="Octopath_Traveler.Tests.Tests.TestE1_RandomBasicCombat(teamsFolder: &quot;data\\E1-RandomBasicCombat&quot;, testFile: &quot;data\\E1-RandomBasicCombat-Tests\\010.txt&quot;)" computerName="DESKTOP-V5ONN4V" duration="00:00:00.0404337" startTime="2026-03-25T17:02:19.9912791-03:00" endTime="2026-03-25T17:02:19.9912795-03:00" testType="13cdc9d9-ddb5-4fa4-a97d-d965ccfc6d4b" outcome="Failed" testListId="8c84fa94-04c1-424b-9868-57a2d4851a1d" relativeResultsDirectory="c13efa3d-d43c-4870-878b-5fde334e3621">
      <Output>
        <ErrorInfo>
          <Message>Assert.Equal() Failure: Strings differ&#xD;
                  ↓ (pos 7)&#xD;
Expected: "[L103] ----------------------------------"···&#xD;
Actual:   "[L103] Archivo de equipos no válido"&#xD;
                  ↑ (pos 7)</Message>
          <StackTrace>   at Octopath_Traveler.Tests.Tests.CompareScripts(IReadOnlyList`1 actualScript, IReadOnlyList`1 expectedScript) in C:\Users\Francisca Prieto\OneDrive\Documentos\Clara\diseno_detallado\proyecto\Octopath-Traveler\Octopath-Traveler.Tests\Tests.cs:line 59&#xD;
   at Octopath_Traveler.Tests.Tests.RunTest(String teamsFolder, String testFile) in C:\Users\Francisca Prieto\OneDrive\Documentos\Clara\diseno_detallado\proyecto\Octopath-Traveler\Octopath-Traveler.Tests\Tests.cs:line 49&#xD;
   at Octopath_Traveler.Tests.Tests.TestE1_RandomBasicCombat(String teamsFolder, String testFile) in C:\Users\Francisca Prieto\OneDrive\Documentos\Clara\diseno_detallado\proyecto\Octopath-Traveler\Octopath-Traveler.Tests\Tests.cs:line 20&#xD;
   at InvokeStub_Tests.TestE1_RandomBasicCombat(Object, Span`1)&#xD;
   at System.Reflection.MethodBaseInvoker.InvokeWithFewArgs(Object obj, BindingFlags invokeAttr, Binder binder, Object[] parameters, CultureInfo culture)</StackTrace>
        </ErrorInfo>
      </Output>
    </UnitTestResult>
    <UnitTestResult executionId="412f1582-dc82-4431-8231-4b41576a88b2" testId="816cb796-4b1a-f030-c271-d7240ff6655a" testName="Octopath_Traveler.Tests.Tests.TestE1_RandomBasicCombat(teamsFolder: &quot;data\\E1-RandomBasicCombat&quot;, testFile: &quot;data\\E1-RandomBasicCombat-Tests\\040.txt&quot;)" computerName="DESKTOP-V5ONN4V" duration="00:00:00.0396917" startTime="2026-03-25T17:02:20.6029424-03:00" endTime="2026-03-25T17:02:20.6029429-03:00" testType="13cdc9d9-ddb5-4fa4-a97d-d965ccfc6d4b" outcome="Failed" testListId="8c84fa94-04c1-424b-9868-57a2d4851a1d" relativeResultsDirectory="412f1582-dc82-4431-8231-4b41576a88b2">
      <Output>
        <ErrorInfo>
          <Message>Assert.Equal() Failure: Strings differ&#xD;
                  ↓ (pos 7)&#xD;
Expected: "[L103] ----------------------------------"···&#xD;
Actual:   "[L103] Archivo de equipos no válido"&#xD;
                  ↑ (pos 7)</Message>
          <StackTrace>   at Octopath_Traveler.Tests.Tests.CompareScripts(IReadOnlyList`1 actualScript, IReadOnlyList`1 expectedScript) in C:\Users\Francisca Prieto\OneDrive\Documentos\Clara\diseno_detallado\proyecto\Octopath-Traveler\Octopath-Traveler.Tests\Tests.cs:line 59&#xD;
   at Octopath_Traveler.Tests.Tests.RunTest(String teamsFolder, String testFile) in C:\Users\Francisca Prieto\OneDrive\Documentos\Clara\diseno_detallado\proyecto\Octopath-Traveler\Octopath-Traveler.Tests\Tests.cs:line 49&#xD;
   at Octopath_Traveler.Tests.Tests.TestE1_RandomBasicCombat(String teamsFolder, String testFile) in C:\Users\Francisca Prieto\OneDrive\Documentos\Clara\diseno_detallado\proyecto\Octopath-Traveler\Octopath-Traveler.Tests\Tests.cs:line 20&#xD;
   at InvokeStub_Tests.TestE1_RandomBasicCombat(Object, Span`1)&#xD;
   at System.Reflection.MethodBaseInvoker.InvokeWithFewArgs(Object obj, BindingFlags invokeAttr, Binder binder, Object[] parameters, CultureInfo culture)</StackTrace>
        </ErrorInfo>
      </Output>
    </UnitTestResult>
    <UnitTestResult executionId="8f24e69b-f2b6-49a1-b8bd-ff4403027d42" testId="98a3d420-1235-fff1-9335-89b6077f89a6" testName="Octopath_Traveler.Tests.Tests.TestE1_RandomBasicCombat(teamsFolder: &quot;data\\E1-RandomBasicCombat&quot;, testFile: &quot;data\\E1-RandomBasicCombat-Tests\\075.txt&quot;)" computerName="DESKTOP-V5ONN4V" duration="00:00:00.0680488" startTime="2026-03-25T17:02:20.7339357-03:00" endTime="2026-03-25T17:02:20.7339363-03:00" testType="13cdc9d9-ddb5-4fa4-a97d-d965ccfc6d4b" outcome="Failed" testListId="8c84fa94-04c1-424b-9868-57a2d4851a1d" relativeResultsDirectory="8f24e69b-f2b6-49a1-b8bd-ff4403027d42">
      <Output>
        <ErrorInfo>
          <Message>Assert.Equal() Failure: Strings differ&#xD;
                  ↓ (pos 7)&#xD;
Expected: "[L103] ----------------------------------"···&#xD;
Actual:   "[L103] Archivo de equipos no válido"&#xD;
                  ↑ (pos 7)</Message>
          <StackTrace>   at Octopath_Traveler.Tests.Tests.CompareScripts(IReadOnlyList`1 actualScript, IReadOnlyList`1 expectedScript) in C:\Users\Francisca Prieto\OneDrive\Documentos\Clara\diseno_detallado\proyecto\Octopath-Traveler\Octopath-Traveler.Tests\Tests.cs:line 59&#xD;
   at Octopath_Traveler.Tests.Tests.RunTest(String teamsFolder, String testFile) in C:\Users\Francisca Prieto\OneDrive\Documentos\Clara\diseno_detallado\proyecto\Octopath-Traveler\Octopath-Traveler.Tests\Tests.cs:line 49&#xD;
   at Octopath_Traveler.Tests.Tests.TestE1_RandomBasicCombat(String teamsFolder, String testFile) in C:\Users\Francisca Prieto\OneDrive\Documentos\Clara\diseno_detallado\proyecto\Octopath-Traveler\Octopath-Traveler.Tests\Tests.cs:line 20&#xD;
   at InvokeStub_Tests.TestE1_RandomBasicCombat(Object, Span`1)&#xD;
   at System.Reflection.MethodBaseInvoker.InvokeWithFewArgs(Object obj, BindingFlags invokeAttr, Binder binder, Object[] parameters, CultureInfo culture)</StackTrace>
        </ErrorInfo>
      </Output>
    </UnitTestResult>
    <UnitTestResult executionId="457f9450-c321-420f-9c75-0d963bf98dd9" testId="0c8835ad-9bdd-4b83-7743-16a0a301abd8" testName="Octopath_Traveler.Tests.Tests.TestE1_RandomBasicCombat(teamsFolder: &quot;data\\E1-RandomBasicCombat&quot;, testFile: &quot;data\\E1-RandomBasicCombat-Tests\\008.txt&quot;)" computerName="DESKTOP-V5ONN4V" duration="00:00:00.0455740" startTime="2026-03-25T17:02:19.0106210-03:00" endTime="2026-03-25T17:02:19.0106215-03:00" testType="13cdc9d9-ddb5-4fa4-a97d-d965ccfc6d4b" outcome="Failed" testListId="8c84fa94-04c1-424b-9868-57a2d4851a1d" relativeResultsDirectory="457f9450-c321-420f-9c75-0d963bf98dd9">
      <Output>
        <ErrorInfo>
          <Message>Assert.Equal() Failure: Strings differ&#xD;
                  ↓ (pos 7)&#xD;
Expected: "[L103] ----------------------------------"···&#xD;
Actual:   "[L103] Archivo de equipos no válido"&#xD;
                  ↑ (pos 7)</Message>
          <StackTrace>   at Octopath_Traveler.Tests.Tests.CompareScripts(IReadOnlyList`1 actualScript, IReadOnlyList`1 expectedScript) in C:\Users\Francisca Prieto\OneDrive\Documentos\Clara\diseno_detallado\proyecto\Octopath-Traveler\Octopath-Traveler.Tests\Tests.cs:line 59&#xD;
[...]
      <RunInfo computerName="DESKTOP-V5ONN4V" outcome="Error" timestamp="2026-03-25T17:02:23.7338607-03:00">
        <Text>[xUnit.net 00:00:02.76]     Octopath_Traveler.Tests.Tests.TestE1_RandomBasicCombat(teamsFolder: "data\\E1-RandomBasicCombat", testFile: "data\\E1-RandomBasicCombat-Tests\\065.txt") [FAIL]</Text>
      </RunInfo>
      <RunInfo computerName="DESKTOP-V5ONN4V" outcome="Error" timestamp="2026-03-25T17:02:23.7345950-03:00">
        <Text>[xUnit.net 00:00:02.77]     Octopath_Traveler.Tests.Tests.TestE1_RandomBasicCombat(teamsFolder: "data\\E1-RandomBasicCombat", testFile: "data\\E1-RandomBasicCombat-Tests\\059.txt") [FAIL]</Text>
      </RunInfo>
      <RunInfo computerName="DESKTOP-V5ONN4V" outcome="Error" timestamp="2026-03-25T17:02:23.7355592-03:00">
        <Text>[xUnit.net 00:00:02.79]     Octopath_Traveler.Tests.Tests.TestE1_RandomBasicCombat(teamsFolder: "data\\E1-RandomBasicCombat", testFile: "data\\E1-RandomBasicCombat-Tests\\047.txt") [FAIL]</Text>
      </RunInfo>
      <RunInfo computerName="DESKTOP-V5ONN4V" outcome="Error" timestamp="2026-03-25T17:02:23.7364157-03:00">
        <Text>[xUnit.net 00:00:02.97]     Octopath_Traveler.Tests.Tests.TestE1_RandomBasicCombat(teamsFolder: "data\\E1-RandomBasicCombat", testFile: "data\\E1-RandomBasicCombat-Tests\\056.txt") [FAIL]</Text>
      </RunInfo>
      <RunInfo computerName="DESKTOP-V5ONN4V" outcome="Error" timestamp="2026-03-25T17:02:23.7369527-03:00">
        <Text>[xUnit.net 00:00:02.99]     Octopath_Traveler.Tests.Tests.TestE1_RandomBasicCombat(teamsFolder: "data\\E1-RandomBasicCombat", testFile: "data\\E1-RandomBasicCombat-Tests\\070.txt") [FAIL]</Text>
      </RunInfo>
      <RunInfo computerName="DESKTOP-V5ONN4V" outcome="Error" timestamp="2026-03-25T17:02:23.7376976-03:00">
        <Text>[xUnit.net 00:00:03.00]     Octopath_Traveler.Tests.Tests.TestE1_RandomBasicCombat(teamsFolder: "data\\E1-RandomBasicCombat", testFile: "data\\E1-RandomBasicCombat-Tests\\023.txt") [FAIL]</Text>
      </RunInfo>
      <RunInfo computerName="DESKTOP-V5ONN4V" outcome="Error" timestamp="2026-03-25T17:02:23.7841499-03:00">
        <Text>[xUnit.net 00:00:03.02]     Octopath_Traveler.Tests.Tests.TestE1_RandomBasicCombat(teamsFolder: "data\\E1-RandomBasicCombat", testFile: "data\\E1-RandomBasicCombat-Tests\\055.txt") [FAIL]</Text>
      </RunInfo>
      <RunInfo computerName="DESKTOP-V5ONN4V" outcome="Error" timestamp="2026-03-25T17:02:23.7848866-03:00">
        <Text>[xUnit.net 00:00:03.03]     Octopath_Traveler.Tests.Tests.TestE1_RandomBasicCombat(teamsFolder: "data\\E1-RandomBasicCombat", testFile: "data\\E1-RandomBasicCombat-Tests\\034.txt") [FAIL]</Text>
      </RunInfo>
      <RunInfo computerName="DESKTOP-V5ONN4V" outcome="Error" timestamp="2026-03-25T17:02:23.7927803-03:00">
        <Text>[xUnit.net 00:00:03.07]     Octopath_Traveler.Tests.Tests.TestE1_RandomBasicCombat(teamsFolder: "data\\E1-RandomBasicCombat", testFile: "data\\E1-RandomBasicCombat-Tests\\010.txt") [FAIL]</Text>
      </RunInfo>
      <RunInfo computerName="DESKTOP-V5ONN4V" outcome="Error" timestamp="2026-03-25T17:02:23.7942447-03:00">
        <Text>[xUnit.net 00:00:03.09]     Octopath_Traveler.Tests.Tests.TestE1_RandomBasicCombat(teamsFolder: "data\\E1-RandomBasicCombat", testFile: "data\\E1-RandomBasicCombat-Tests\\079.txt") [FAIL]</Text>
      </RunInfo>
      <RunInfo computerName="DESKTOP-V5ONN4V" outcome="Error" timestamp="2026-03-25T17:02:23.7959521-03:00">
        <Text>[xUnit.net 00:00:03.12]     Octopath_Traveler.Tests.Tests.TestE1_RandomBasicCombat(teamsFolder: "data\\E1-RandomBasicCombat", testFile: "data\\E1-RandomBasicCombat-Tests\\096.txt") [FAIL]</Text>
      </RunInfo>
      <RunInfo computerName="DESKTOP-V5ONN4V" outcome="Error" timestamp="2026-03-25T17:02:23.7976572-03:00">
        <Text>[xUnit.net 00:00:03.13]     Octopath_Traveler.Tests.Tests.TestE1_RandomBasicCombat(teamsFolder: "data\\E1-RandomBasicCombat", testFile: "data\\E1-RandomBasicCombat-Tests\\021.txt") [FAIL]</Text>
      </RunInfo>
      <RunInfo computerName="DESKTOP-V5ONN4V" outcome="Error" timestamp="2026-03-25T17:02:23.8020197-03:00">
        <Text>[xUnit.net 00:00:03.14]     Octopath_Traveler.Tests.Tests.TestE1_RandomBasicCombat(teamsFolder: "data\\E1-RandomBasicCombat", testFile: "data\\E1-RandomBasicCombat-Tests\\089.txt") [FAIL]</Text>
      </RunInfo>
      <RunInfo computerName="DESKTOP-V5ONN4V" outcome="Error" timestamp="2026-03-25T17:02:23.8031675-03:00">
        <Text>[xUnit.net 00:00:03.16]     Octopath_Traveler.Tests.Tests.TestE1_RandomBasicCombat(teamsFolder: "data\\E1-RandomBasicCombat", testFile: "data\\E1-RandomBasicCombat-Tests\\082.txt") [FAIL]</Text>
      </RunInfo>
      <RunInfo computerName="DESKTOP-V5ONN4V" outcome="Error" timestamp="2026-03-25T17:02:23.8039379-03:00">
        <Text>[xUnit.net 00:00:03.19]     Octopath_Traveler.Tests.Tests.TestE1_RandomBasicCombat(teamsFolder: "data\\E1-RandomBasicCombat", testFile: "data\\E1-RandomBasicCombat-Tests\\091.txt") [FAIL]</Text>
      </RunInfo>
      <RunInfo computerName="DESKTOP-V5ONN4V" outcome="Error" timestamp="2026-03-25T17:02:23.8541212-03:00">
        <Text>[xUnit.net 00:00:03.21]     Octopath_Traveler.Tests.Tests.TestE1_RandomBasicCombat(teamsFolder: "data\\E1-RandomBasicCombat", testFile: "data\\E1-RandomBasicCombat-Tests\\028.txt") [FAIL]</Text>
      </RunInfo>
      <RunInfo computerName="DESKTOP-V5ONN4V" outcome="Error" timestamp="2026-03-25T17:02:23.8547729-03:00">
        <Text>[xUnit.net 00:00:03.22]     Octopath_Traveler.Tests.Tests.TestE1_RandomBasicCombat(teamsFolder: "data\\E1-RandomBasicCombat", testFile: "data\\E1-RandomBasicCombat-Tests\\058.txt") [FAIL]</Text>
      </RunInfo>
      <RunInfo computerName="DESKTOP-V5ONN4V" outcome="Error" timestamp="2026-03-25T17:02:23.8554808-03:00">
        <Text>[xUnit.net 00:00:03.31]     Octopath_Traveler.Tests.Tests.TestE1_RandomBasicCombat(teamsFolder: "data\\E1-RandomBasicCombat", testFile: "data\\E1-RandomBasicCombat-Tests\\071.txt") [FAIL]</Text>
      </RunInfo>
      <RunInfo computerName="DESKTOP-V5ONN4V" outcome="Error" timestamp="2026-03-25T17:02:23.8563394-03:00">
        <Text>[xUnit.net 00:00:03.32]     Octopath_Traveler.Tests.Tests.TestE1_RandomBasicCombat(teamsFolder: "data\\E1-RandomBasicCombat", testFile: "data\\E1-RandomBasicCombat-Tests\\026.txt") [FAIL]</Text>
      </RunInfo>
      <RunInfo computerName="DESKTOP-V5ONN4V" outcome="Error" timestamp="2026-03-25T17:02:23.8568985-03:00">
        <Text>[xUnit.net 00:00:03.36]     Octopath_Traveler.Tests.Tests.TestE1_RandomBasicCombat(teamsFolder: "data\\E1-RandomBasicCombat", testFile: "data\\E1-RandomBasicCombat-Tests\\083.txt") [FAIL]</Text>
      </RunInfo>
      <RunInfo computerName="DESKTOP-V5ONN4V" outcome="Error" timestamp="2026-03-25T17:02:23.8576208-03:00">
        <Text>[xUnit.net 00:00:03.39]     Octopath_Traveler.Tests.Tests.TestE1_RandomBasicCombat(teamsFolder: "data\\E1-RandomBasicCombat", testFile: "data\\E1-RandomBasicCombat-Tests\\064.txt") [FAIL]</Text>
      </RunInfo>
      <RunInfo computerName="DESKTOP-V5ONN4V" outcome="Error" timestamp="2026-03-25T17:02:23.8585572-03:00">
        <Text>[xUnit.net 00:00:03.41]     Octopath_Traveler.Tests.Tests.TestE1_RandomBasicCombat(teamsFolder: "data\\E1-RandomBasicCombat", testFile: "data\\E1-RandomBasicCombat-Tests\\087.txt") [FAIL]</Text>
      </RunInfo>
      <RunInfo computerName="DESKTOP-V5ONN4V" outcome="Error" timestamp="2026-03-25T17:02:23.8592060-03:00">
        <Text>[xUnit.net 00:00:03.42]     Octopath_Traveler.Tests.Tests.TestE1_RandomBasicCombat(teamsFolder: "data\\E1-RandomBasicCombat", testFile: "data\\E1-RandomBasicCombat-Tests\\009.txt") [FAIL]</Text>
      </RunInfo>
      <RunInfo computerName="DESKTOP-V5ONN4V" outcome="Error" timestamp="2026-03-25T17:02:23.8599587-03:00">
        <Text>[xUnit.net 00:00:03.43]     Octopath_Traveler.Tests.Tests.TestE1_RandomBasicCombat(teamsFolder: "data\\E1-RandomBasicCombat", testFile: "data\\E1-RandomBasicCombat-Tests\\076.txt") [FAIL]</Text>
      </RunInfo>
      <RunInfo computerName="DESKTOP-V5ONN4V" outcome="Error" timestamp="2026-03-25T17:02:23.9057788-03:00">
        <Text>[xUnit.net 00:00:03.44]     Octopath_Traveler.Tests.Tests.TestE1_RandomBasicCombat(teamsFolder: "data\\E1-RandomBasicCombat", testFile: "data\\E1-RandomBasicCombat-Tests\\014.txt") [FAIL]</Text>
      </RunInfo>
      <RunInfo computerName="DESKTOP-V5ONN4V" outcome="Error" timestamp="2026-03-25T17:02:23.9064969-03:00">
        <Text>[xUnit.net 00:00:03.46]     Octopath_Traveler.Tests.Tests.TestE1_RandomBasicCombat(teamsFolder: "data\\E1-RandomBasicCombat", testFile: "data\\E1-RandomBasicCombat-Tests\\067.txt") [FAIL]</Text>
      </RunInfo>
      <RunInfo computerName="DESKTOP-V5ONN4V" outcome="Error" timestamp="2026-03-25T17:02:23.9115145-03:00">
        <Text>[xUnit.net 00:00:03.48]     Octopath_Traveler.Tests.Tests.TestE1_RandomBasicCombat(teamsFolder: "data\\E1-RandomBasicCombat", testFile: "data\\E1-RandomBasicCombat-Tests\\099.txt") [FAIL]</Text>
      </RunInfo>
      <RunInfo computerName="DESKTOP-V5ONN4V" outcome="Error" timestamp="2026-03-25T17:02:23.9139163-03:00">
        <Text>[xUnit.net 00:00:03.51]     Octopath_Traveler.Tests.Tests.TestE1_RandomBasicCombat(teamsFolder: "data\\E1-RandomBasicCombat", testFile: "data\\E1-RandomBasicCombat-Tests\\017.txt") [FAIL]</Text>
      </RunInfo>
      <RunInfo computerName="DESKTOP-V5ONN4V" outcome="Error" timestamp="2026-03-25T17:02:23.9190902-03:00">
        <Text>[xUnit.net 00:00:03.53]     Octopath_Traveler.Tests.Tests.TestE1_RandomBasicCombat(teamsFolder: "data\\E1-RandomBasicCombat", testFile: "data\\E1-RandomBasicCombat-Tests\\006.txt") [FAIL]</Text>
      </RunInfo>
      <RunInfo computerName="DESKTOP-V5ONN4V" outcome="Error" timestamp="2026-03-25T17:02:23.9201933-03:00">
        <Text>[xUnit.net 00:00:03.55]     Octopath_Traveler.Tests.Tests.TestE1_RandomBasicCombat(teamsFolder: "data\\E1-RandomBasicCombat", testFile: "data\\E1-RandomBasicCombat-Tests\\027.txt") [FAIL]</Text>
      </RunInfo>
      <RunInfo computerName="DESKTOP-V5ONN4V" outcome="Error" timestamp="2026-03-25T17:02:23.9210220-03:00">
        <Text>[xUnit.net 00:00:03.58]     Octopath_Traveler.Tests.Tests.TestE1_RandomBasicCombat(teamsFolder: "data\\E1-RandomBasicCombat", testFile: "data\\E1-RandomBasicCombat-Tests\\012.txt") [FAIL]</Text>
      </RunInfo>
      <RunInfo computerName="DESKTOP-V5ONN4V" outcome="Error" timestamp="2026-03-25T17:02:23.9220855-03:00">
        <Text>[xUnit.net 00:00:03.59]     Octopath_Traveler.Tests.Tests.TestE1_RandomBasicCombat(teamsFolder: "data\\E1-RandomBasicCombat", testFile: "data\\E1-RandomBasicCombat-Tests\\062.txt") [FAIL]</Text>
      </RunInfo>
      <RunInfo computerName="DESKTOP-V5ONN4V" outcome="Error" timestamp="2026-03-25T17:02:23.9228670-03:00">
        <Text>[xUnit.net 00:00:03.60]     Octopath_Traveler.Tests.Tests.TestE1_RandomBasicCombat(teamsFolder: "data\\E1-RandomBasicCombat", testFile: "data\\E1-RandomBasicCombat-Tests\\072.txt") [FAIL]</Text>
      </RunInfo>
      <RunInfo computerName="DESKTOP-V5ONN4V" outcome="Error" timestamp="2026-03-25T17:02:23.9898134-03:00">
        <Text>[xUnit.net 00:00:03.62]     Octopath_Traveler.Tests.Tests.TestE1_RandomBasicCombat(teamsFolder: "data\\E1-RandomBasicCombat", testFile: "data\\E1-RandomBasicCombat-Tests\\074.txt") [FAIL]</Text>
      </RunInfo>
      <RunInfo computerName="DESKTOP-V5ONN4V" outcome="Error" timestamp="2026-03-25T17:02:23.9957032-03:00">
        <Text>[xUnit.net 00:00:03.64]     Octopath_Traveler.Tests.Tests.TestE1_RandomBasicCombat(teamsFolder: "data\\E1-RandomBasicCombat", testFile: "data\\E1-RandomBasicCombat-Tests\\077.txt") [FAIL]</Text>
      </RunInfo>
      <RunInfo computerName="DESKTOP-V5ONN4V" outcome="Error" timestamp="2026-03-25T17:02:24.0028976-03:00">
        <Text>[xUnit.net 00:00:03.68]     Octopath_Traveler.Tests.Tests.TestE1_RandomBasicCombat(teamsFolder: "data\\E1-RandomBasicCombat", testFile: "data\\E1-RandomBasicCombat-Tests\\040.txt") [FAIL]</Text>
      </RunInfo>
      <RunInfo computerName="DESKTOP-V5ONN4V" outcome="Error" timestamp="2026-03-25T17:02:24.0037933-03:00">
        <Text>[xUnit.net 00:00:03.70]     Octopath_Traveler.Tests.Tests.TestE1_RandomBasicCombat(teamsFolder: "data\\E1-RandomBasicCombat", testFile: "data\\E1-RandomBasicCombat-Tests\\068.txt") [FAIL]</Text>
      </RunInfo>
      <RunInfo computerName="DESKTOP-V5ONN4V" outcome="Error" timestamp="2026-03-25T17:02:24.0045208-03:00">
        <Text>[xUnit.net 00:00:03.72]     Octopath_Traveler.Tests.Tests.TestE1_RandomBasicCombat(teamsFolder: "data\\E1-RandomBasicCombat", testFile: "data\\E1-RandomBasicCombat-Tests\\042.txt") [FAIL]</Text>
      </RunInfo>
      <RunInfo computerName="DESKTOP-V5ONN4V" outcome="Error" timestamp="2026-03-25T17:02:24.0054655-03:00">
        <Text>[xUnit.net 00:00:03.74]     Octopath_Traveler.Tests.Tests.TestE1_RandomBasicCombat(teamsFolder: "data\\E1-RandomBasicCombat", testFile: "data\\E1-RandomBasicCombat-Tests\\002.txt") [FAIL]</Text>
      </RunInfo>
      <RunInfo computerName="DESKTOP-V5ONN4V" outcome="Error" timestamp="2026-03-25T17:02:24.0073056-03:00">
        <Text>[xUnit.net 00:00:03.81]     Octopath_Traveler.Tests.Tests.TestE1_RandomBasicCombat(teamsFolder: "data\\E1-RandomBasicCombat", testFile: "data\\E1-RandomBasicCombat-Tests\\075.txt") [FAIL]</Text>
      </RunInfo>
      <RunInfo computerName="DESKTOP-V5ONN4V" outcome="Error" timestamp="2026-03-25T17:02:24.0080187-03:00">
        <Text>[xUnit.net 00:00:03.87]     Octopath_Traveler.Tests.Tests.TestE1_RandomBasicCombat(teamsFolder: "data\\E1-RandomBasicCombat", testFile: "data\\E1-RandomBasicCombat-Tests\\085.txt") [FAIL]</Text>
      </RunInfo>
      <RunInfo computerName="DESKTOP-V5ONN4V" outcome="Error" timestamp="2026-03-25T17:02:24.0092668-03:00">
        <Text>[xUnit.net 00:00:03.97]     Octopath_Traveler.Tests.Tests.TestE1_RandomBasicCombat(teamsFolder: "data\\E1-RandomBasicCombat", testFile: "data\\E1-RandomBasicCombat-Tests\\092.txt") [FAIL]</Text>
      </RunInfo>
      <RunInfo computerName="DESKTOP-V5ONN4V" outcome="Error" timestamp="2026-03-25T17:02:24.0750549-03:00">
        <Text>[xUnit.net 00:00:03.99]     Octopath_Traveler.Tests.Tests.TestE1_RandomBasicCombat(teamsFolder: "data\\E1-RandomBasicCombat", testFile: "data\\E1-RandomBasicCombat-Tests\\061.txt") [FAIL]</Text>
      </RunInfo>
      <RunInfo computerName="DESKTOP-V5ONN4V" outcome="Error" timestamp="2026-03-25T17:02:24.0760704-03:00">
        <Text>[xUnit.net 00:00:04.05]     Octopath_Traveler.Tests.Tests.TestE1_RandomBasicCombat(teamsFolder: "data\\E1-RandomBasicCombat", testFile: "data\\E1-RandomBasicCombat-Tests\\095.txt") [FAIL]</Text>
      </RunInfo>
      <RunInfo computerName="DESKTOP-V5ONN4V" outcome="Error" timestamp="2026-03-25T17:02:24.0769235-03:00">
        <Text>[xUnit.net 00:00:04.07]     Octopath_Traveler.Tests.Tests.TestE1_RandomBasicCombat(teamsFolder: "data\\E1-RandomBasicCombat", testFile: "data\\E1-RandomBasicCombat-Tests\\081.txt") [FAIL]</Text>
      </RunInfo>
      <RunInfo computerName="DESKTOP-V5ONN4V" outcome="Error" timestamp="2026-03-25T17:02:24.0775955-03:00">
        <Text>[xUnit.net 00:00:04.08]     Octopath_Traveler.Tests.Tests.TestE1_RandomBasicCombat(teamsFolder: "data\\E1-RandomBasicCombat", testFile: "data\\E1-RandomBasicCombat-Tests\\024.txt") [FAIL]</Text>
      </RunInfo>
      <RunInfo computerName="DESKTOP-V5ONN4V" outcome="Error" timestamp="2026-03-25T17:02:24.0782951-03:00">
        <Text>[xUnit.net 00:00:04.10]     Octopath_Traveler.Tests.Tests.TestE1_RandomBasicCombat(teamsFolder: "data\\E1-RandomBasicCombat", testFile: "data\\E1-RandomBasicCombat-Tests\\020.txt") [FAIL]</Text>
      </RunInfo>
      <RunInfo computerName="DESKTOP-V5ONN4V" outcome="Error" timestamp="2026-03-25T17:02:24.0789855-03:00">
        <Text>[xUnit.net 00:00:04.17]     Octopath_Traveler.Tests.Tests.TestE1_RandomBasicCombat(teamsFolder: "data\\E1-RandomBasicCombat", testFile: "data\\E1-RandomBasicCombat-Tests\\051.txt") [FAIL]</Text>
      </RunInfo>
      <RunInfo computerName="DESKTOP-V5ONN4V" outcome="Error" timestamp="2026-03-25T17:02:24.0796351-03:00">
        <Text>[xUnit.net 00:00:04.18]     Octopath_Traveler.Tests.Tests.TestE1_RandomBasicCombat(teamsFolder: "data\\E1-RandomBasicCombat", testFile: "data\\E1-RandomBasicCombat-Tests\\063.txt") [FAIL]</Text>
      </RunInfo>
      <RunInfo computerName="DESKTOP-V5ONN4V" outcome="Error" timestamp="2026-03-25T17:02:24.0813426-03:00">
        <Text>[xUnit.net 00:00:04.20]     Octopath_Traveler.Tests.Tests.TestE1_RandomBasicCombat(teamsFolder: "data\\E1-RandomBasicCombat", testFile: "data\\E1-RandomBasicCombat-Tests\\084.txt") [FAIL]</Text>
      </RunInfo>
      <RunInfo computerName="DESKTOP-V5ONN4V" outcome="Error" timestamp="2026-03-25T17:02:24.1272805-03:00">
        <Text>[xUnit.net 00:00:04.21]     Octopath_Traveler.Tests.Tests.TestE1_RandomBasicCombat(teamsFolder: "data\\E1-RandomBasicCombat", testFile: "data\\E1-RandomBasicCombat-Tests\\022.txt") [FAIL]</Text>
      </RunInfo>
      <RunInfo computerName="DESKTOP-V5ONN4V" outcome="Error" timestamp="2026-03-25T17:02:24.1339354-03:00">
        <Text>[xUnit.net 00:00:04.34]     Octopath_Traveler.Tests.Tests.TestE1_BasicCombat(teamsFolder: "data\\E1-BasicCombat", testFile: "data\\E1-BasicCombat-Tests\\008.txt") [FAIL]</Text>
      </RunInfo>
      <RunInfo computerName="DESKTOP-V5ONN4V" outcome="Error" timestamp="2026-03-25T17:02:24.1347128-03:00">
        <Text>[xUnit.net 00:00:04.35]     Octopath_Traveler.Tests.Tests.TestE1_BasicCombat(teamsFolder: "data\\E1-BasicCombat", testFile: "data\\E1-BasicCombat-Tests\\009.txt") [FAIL]</Text>
      </RunInfo>
      <RunInfo computerName="DESKTOP-V5ONN4V" outcome="Error" timestamp="2026-03-25T17:02:24.1373406-03:00">
        <Text>[xUnit.net 00:00:04.36]     Octopath_Traveler.Tests.Tests.TestE1_BasicCombat(teamsFolder: "data\\E1-BasicCombat", testFile: "data\\E1-BasicCombat-Tests\\007.txt") [FAIL]</Text>
      </RunInfo>
      <RunInfo computerName="DESKTOP-V5ONN4V" outcome="Error" timestamp="2026-03-25T17:02:24.1385298-03:00">
        <Text>[xUnit.net 00:00:04.39]     Octopath_Traveler.Tests.Tests.TestE1_BasicCombat(teamsFolder: "data\\E1-BasicCombat", testFile: "data\\E1-BasicCombat-Tests\\005.txt") [FAIL]</Text>
      </RunInfo>
      <RunInfo computerName="DESKTOP-V5ONN4V" outcome="Error" timestamp="2026-03-25T17:02:24.1399424-03:00">
        <Text>[xUnit.net 00:00:04.43]     Octopath_Traveler.Tests.Tests.TestE1_BasicCombat(teamsFolder: "data\\E1-BasicCombat", testFile: "data\\E1-BasicCombat-Tests\\003.txt") [FAIL]</Text>
      </RunInfo>
      <RunInfo computerName="DESKTOP-V5ONN4V" outcome="Error" timestamp="2026-03-25T17:02:24.1413102-03:00">
        <Text>[xUnit.net 00:00:04.49]     Octopath_Traveler.Tests.Tests.TestE1_BasicCombat(teamsFolder: "data\\E1-BasicCombat", testFile: "data\\E1-BasicCombat-Tests\\001.txt") [FAIL]</Text>
      </RunInfo>
      <RunInfo computerName="DESKTOP-V5ONN4V" outcome="Error" timestamp="2026-03-25T17:02:24.1701016-03:00">
        <Text>[xUnit.net 00:00:04.54]     Octopath_Traveler.Tests.Tests.TestE1_BasicCombat(teamsFolder: "data\\E1-BasicCombat", testFile: "data\\E1-BasicCombat-Tests\\010.txt") [FAIL]</Text>
      </RunInfo>
      <RunInfo computerName="DESKTOP-V5ONN4V" outcome="Error" timestamp="2026-03-25T17:02:24.1706709-03:00">
        <Text>[xUnit.net 00:00:04.56]     Octopath_Traveler.Tests.Tests.TestE1_BasicCombat(teamsFolder: "data\\E1-BasicCombat", testFile: "data\\E1-BasicCombat-Tests\\004.txt") [FAIL]</Text>
      </RunInfo>
      <RunInfo computerName="DESKTOP-V5ONN4V" outcome="Error" timestamp="2026-03-25T17:02:24.1714853-03:00">
        <Text>[xUnit.net 00:00:04.61]     Octopath_Traveler.Tests.Tests.TestE1_BasicCombat(teamsFolder: "data\\E1-BasicCombat", testFile: "data\\E1-BasicCombat-Tests\\011.txt") [FAIL]</Text>
      </RunInfo>
    </RunInfos>
  </ResultSummary>
</TestRun>